FCEUX 2.6.6-interim git58b87387eb934976373f5febbf85261fa427c30e - Trace Log File
(471745 lines skipped)
---COMMENTED! i471745      A:08 X:00 Y:40 S:F3 P:nvUbdIzc  $07:D081: 45 1D     EOR $1D = #$00
---COMMENTED! i471746      A:08 X:00 Y:40 S:F3 P:nvUbdIzc  $07:D083: 25 12     AND $12 = #$08

i471749      A:08 X:00 Y:40 S:F5 P:nvUbdIzc  $07:C570: E6 3D     INC $3D = #$00

---COMMENTED! i471761      A:08 X:00 Y:40 S:F3 P:nVUbdIzc  $06:BB37: A5 B3     LDA $B3 = #$00
---COMMENTED! i471762      A:00 X:00 Y:40 S:F3 P:nVUbdIZc  $06:BB39: D0 56     BNE $BB91
---COMMENTED! i471763      A:00 X:00 Y:40 S:F3 P:nVUbdIZc  $06:BB3B: A5 B2     LDA $B2 = #$00
---COMMENTED! i471764      A:00 X:00 Y:40 S:F3 P:nVUbdIZc  $06:BB3D: D0 24     BNE $BB63
---COMMENTED! i471765      A:00 X:00 Y:40 S:F3 P:nVUbdIZc  $06:BB3F: AD 92 BB  LDA $BB92 = #$10
---COMMENTED! i471766      A:10 X:00 Y:40 S:F3 P:nVUbdIzc  $06:BB42: 20 79 D0  JSR $D079 Check button press

---COMMENTED! i471772      A:00 X:00 Y:40 S:F3 P:nVUbdIZc  $06:BB45: D0 28     BNE $BB6F
---COMMENTED! i471773      A:00 X:00 Y:40 S:F3 P:nVUbdIZc  $06:BB47: AD 98 BB  LDA $BB98 = #$40
---COMMENTED! i471774      A:40 X:00 Y:40 S:F3 P:nVUbdIzc  $06:BB4A: 20 79 D0  JSR $D079 Check button press

---COMMENTED! i471780      A:00 X:00 Y:40 S:F3 P:nVUbdIZc  $06:BB4D: F0 06     BEQ $BB55
---COMMENTED! i471781      A:00 X:00 Y:40 S:F3 P:nVUbdIZc  $06:BB55: AD 9E BB  LDA $BB9E = #$20
---COMMENTED! i471782      A:20 X:00 Y:40 S:F3 P:nVUbdIzc  $06:BB58: 20 79 D0  JSR $D079 Check button press

---COMMENTED! i471788      A:00 X:00 Y:40 S:F3 P:nVUbdIZc  $06:BB5B: F0 2A     BEQ $BB87
---COMMENTED! i471789      A:00 X:00 Y:40 S:F3 P:nVUbdIZc  $06:BB87: A9 00     LDA #$00
---COMMENTED! i471790      A:00 X:00 Y:40 S:F3 P:nVUbdIZc  $06:BB89: 85 B2     STA $B2 = #$00
---COMMENTED! i471791      A:00 X:00 Y:40 S:F3 P:nVUbdIZc  $06:BB8B: 85 B4     STA $B4 = #$00

---COMMENTED! i472560      A:01 X:FF Y:20 S:FD P:nvUbdIzc  $06:B988: 20 05 C3  JSR $C305

i472566      A:10 X:FF Y:20 S:FD P:nvUbdIzc  $06:B98B: A9 00     LDA #$00
i472567      A:00 X:FF Y:20 S:FD P:nvUbdIZc  $06:B98D: A8        TAY
i472568      A:00 X:FF Y:00 S:FD P:nvUbdIZc  $06:B98E: 85 37     STA $37 vGameMode = #$00
i472569      A:00 X:FF Y:00 S:FD P:nvUbdIZc  $06:B990: 85 B6     STA $B6 = #$00
i472570      A:00 X:FF Y:00 S:FD P:nvUbdIZc  $06:B992: 85 B7     STA $B7 = #$00
i472571      A:00 X:FF Y:00 S:FD P:nvUbdIZc  $06:B994: 85 39     STA $39 = #$00
i472572      A:00 X:FF Y:00 S:FD P:nvUbdIZc  $06:B996: A6 AD     LDX $AD = #$8F
i472573      A:00 X:8F Y:00 S:FD P:NvUbdIzc  $06:B998: E0 9F     CPX #$9F
---COMMENTED! i472574      A:00 X:8F Y:00 S:FD P:NvUbdIzc  $06:B99A: F0 07     BEQ $B9A3
---COMMENTED! i472575      A:00 X:8F Y:00 S:FD P:NvUbdIzc  $06:B99C: A5 B1     LDA $B1 = #$00
---COMMENTED! i472576      A:00 X:8F Y:00 S:FD P:nvUbdIZc  $06:B99E: F0 09     BEQ $B9A9
---COMMENTED! i472577      A:00 X:8F Y:00 S:FD P:nvUbdIZc  $06:B9A9: 85 C4     STA $C4 = #$00
---COMMENTED! i472578      A:00 X:8F Y:00 S:FD P:nvUbdIZc  $06:B9AB: 84 5E     STY $5E v_no_level = #$00
i472579      A:00 X:8F Y:00 S:FD P:nvUbdIZc  $06:B9AD: A9 FC     LDA #$FC
i472580      A:FC X:8F Y:00 S:FD P:NvUbdIzc  $06:B9AF: 85 D4     STA $D4 = #$00
i472581      A:FC X:8F Y:00 S:FD P:NvUbdIzc  $06:B9B1: 20 04 C9  JSR $C904
(68 lines skipped)
i472650      A:00 X:5D Y:00 S:FD P:nvUbdIZc  $06:B9B4: A9 10     LDA #$10
i472651      A:10 X:5D Y:00 S:FD P:nvUbdIzc  $06:B9B6: 85 3B     STA $3B = #$80
i472652      A:10 X:5D Y:00 S:FD P:nvUbdIzc  $06:B9B8: 60        RTS (from $B8C7) ----------------------------
(3 lines skipped)
i472656      A:00 X:5D Y:00 S:FD P:nvUbdIZc  $06:B9DE: 60        RTS (from $B9DA) ----------------------------
i472657      A:00 X:5D Y:00 S:FF P:nvUbdIZc  $07:C092: 20 96 EF  JSR $EF96
i472658      A:00 X:5D Y:00 S:FD P:nvUbdIZc  $07:EF96: A9 00     LDA #$00
i472659      A:00 X:5D Y:00 S:FD P:nvUbdIZc  $07:EF98: A2 09     LDX #$09
i472660      A:00 X:09 Y:00 S:FD P:nvUbdIzc  $07:EF9A: 9D 00 02  STA $0200,X @ $0209 = #$00
i472661      A:00 X:09 Y:00 S:FD P:nvUbdIzc  $07:EF9D: CA        DEX
i472662      A:00 X:08 Y:00 S:FD P:nvUbdIzc  $07:EF9E: 10 FA     BPL $EF9A
(27 lines skipped)
i472690      A:00 X:FF Y:00 S:FD P:NvUbdIzc  $07:EFA0: A9 00     LDA #$00
i472691      A:00 X:FF Y:00 S:FD P:nvUbdIZc  $07:EFA2: 8D 14 02  STA $0214 = #$00
i472692      A:00 X:FF Y:00 S:FD P:nvUbdIZc  $07:EFA5: 20 8D EF  JSR $EF8D
i472693      A:00 X:FF Y:00 S:FB P:nvUbdIZc  $07:EF8D: A9 00     LDA #$00
i472694      A:00 X:FF Y:00 S:FB P:nvUbdIZc  $07:EF8F: 8D 16 03  STA $0316 = #$00
i472695      A:00 X:FF Y:00 S:FB P:nvUbdIZc  $07:EF92: 8D 17 03  STA $0317 = #$00
i472696      A:00 X:FF Y:00 S:FB P:nvUbdIZc  $07:EF95: 60        RTS (from $EF8D) ----------------------------
i472697      A:00 X:FF Y:00 S:FD P:nvUbdIZc  $07:EFA8: 85 60     STA $60 = #$00
i472698      A:00 X:FF Y:00 S:FD P:nvUbdIZc  $07:EFAA: 85 61     STA $61 = #$00
i472699      A:00 X:FF Y:00 S:FD P:nvUbdIZc  $07:EFAC: A2 0F     LDX #$0F
i472700      A:00 X:0F Y:00 S:FD P:nvUbdIzc  $07:EFAE: 9D C0 05  STA $05C0,X @ $05CF = #$00
i472701      A:00 X:0F Y:00 S:FD P:nvUbdIzc  $07:EFB1: CA        DEX
i472702      A:00 X:0E Y:00 S:FD P:nvUbdIzc  $07:EFB2: 10 FA     BPL $EFAE
(45 lines skipped)
i472748      A:00 X:FF Y:00 S:FD P:NvUbdIzc  $07:EFB4: 20 4F EF  JSR $EF4F EF4F_switch_bank_4_p2
(6 lines skipped)
i472755      A:09 X:FF Y:00 S:FD P:nvUbdIzc  $07:EFB7: A5 5E     LDA $5E v_no_level = #$00
i472756      A:00 X:FF Y:00 S:FD P:nvUbdIZc  $07:EFB9: 85 00     STA $00 = #$FF
i472757      A:00 X:FF Y:00 S:FD P:nvUbdIZc  $07:EFBB: 0A        ASL
i472758      A:00 X:FF Y:00 S:FD P:nvUbdIZc  $07:EFBC: 18        CLC
i472759      A:00 X:FF Y:00 S:FD P:nvUbdIZc  $07:EFBD: 65 00     ADC $00 = #$00
i472760      A:00 X:FF Y:00 S:FD P:nvUbdIZc  $07:EFBF: AA        TAX
i472761      A:00 X:00 Y:00 S:FD P:nvUbdIZc  $07:EFC0: BC 16 81  LDY $8116,X @ $8116 = #$1F
i472762      A:00 X:00 Y:1F S:FD P:nvUbdIzc  $07:EFC3: BD 17 81  LDA $8117,X @ $8117 = #$EA
i472763      A:EA X:00 Y:1F S:FD P:NvUbdIzc  $07:EFC6: 85 12     STA $12 = #$4E
i472764      A:EA X:00 Y:1F S:FD P:NvUbdIzc  $07:EFC8: BD 18 81  LDA $8118,X @ $8118 = #$99
i472765      A:99 X:00 Y:1F S:FD P:NvUbdIzc  $07:EFCB: 85 13     STA $13 = #$D0
i472766      A:99 X:00 Y:1F S:FD P:NvUbdIzc  $07:EFCD: B1 12     LDA ($12),Y @ $9A09 = #$13
i472767      A:13 X:00 Y:1F S:FD P:nvUbdIzc  $07:EFCF: 99 00 05  STA $0500 vRooms,Y @ $051F = #$00
i472768      A:13 X:00 Y:1F S:FD P:nvUbdIzc  $07:EFD2: 88        DEY
i472769      A:13 X:00 Y:1E S:FD P:nvUbdIzc  $07:EFD3: D0 F8     BNE $EFCD
(120 lines skipped)
i472890      A:B0 X:00 Y:00 S:FD P:nvUbdIZc  $07:EFD5: BC 22 81  LDY $8122,X @ $8122 = #$1C
i472891      A:B0 X:00 Y:1C S:FD P:nvUbdIzc  $07:EFD8: BD 23 81  LDA $8123,X @ $8123 = #$41
i472892      A:41 X:00 Y:1C S:FD P:nvUbdIzc  $07:EFDB: 85 12     STA $12 = #$EA
i472893      A:41 X:00 Y:1C S:FD P:nvUbdIzc  $07:EFDD: BD 24 81  LDA $8124,X @ $8124 = #$9B
i472894      A:9B X:00 Y:1C S:FD P:NvUbdIzc  $07:EFE0: 85 13     STA $13 = #$99
i472895      A:9B X:00 Y:1C S:FD P:NvUbdIzc  $07:EFE2: B1 12     LDA ($12),Y @ $9B5D = #$80
i472896      A:80 X:00 Y:1C S:FD P:NvUbdIzc  $07:EFE4: 99 19 02  STA $0219,Y @ $0235 = #$00
i472897      A:80 X:00 Y:1C S:FD P:NvUbdIzc  $07:EFE7: 88        DEY
i472898      A:80 X:00 Y:1B S:FD P:nvUbdIzc  $07:EFE8: D0 F8     BNE $EFE2
(108 lines skipped)
i473007      A:07 X:00 Y:00 S:FD P:nvUbdIZc  $07:EFEA: 20 46 EF  JSR $EF46 EF46_switch_bank_4_p1_p2
(7 lines skipped)
i473015      A:08 X:00 Y:00 S:FD P:nvUbdIzc  $07:EFED: A5 5E     LDA $5E v_no_level = #$00
i473016      A:00 X:00 Y:00 S:FD P:nvUbdIZc  $07:EFEF: 0A        ASL
i473017      A:00 X:00 Y:00 S:FD P:nvUbdIZc  $07:EFF0: AA        TAX
i473018      A:00 X:00 Y:00 S:FD P:nvUbdIZc  $07:EFF1: BD B6 85  LDA $85B6,X @ $85B6 = #$75
i473019      A:75 X:00 Y:00 S:FD P:nvUbdIzc  $07:EFF4: 85 BA     STA $BA = #$00
i473020      A:75 X:00 Y:00 S:FD P:nvUbdIzc  $07:EFF6: BD B7 85  LDA $85B7,X @ $85B7 = #$86
i473021      A:86 X:00 Y:00 S:FD P:NvUbdIzc  $07:EFF9: 85 BB     STA $BB = #$00
i473022      A:86 X:00 Y:00 S:FD P:NvUbdIzc  $07:EFFB: 60        RTS (from $EF96) ----------------------------
i473023      A:86 X:00 Y:00 S:FF P:NvUbdIzc  $07:C095: A5 37     LDA $37 vGameMode = #$00
i473024      A:00 X:00 Y:00 S:FF P:nvUbdIZc  $07:C097: 30 03     BMI $C09C
i473025      A:00 X:00 Y:00 S:FF P:nvUbdIZc  $07:C099: 20 72 C6  JSR $C672
i473026      A:00 X:00 Y:00 S:FD P:nvUbdIZc  $07:C672: 20 2F C6  JSR $C62F
i473027      A:00 X:00 Y:00 S:FB P:nvUbdIZc  $07:C62F: 20 1D C3  JSR $C31D C31D_clear_ppu
(6572 lines skipped)
i479600      A:00 X:00 Y:00 S:FB P:nvUbdIZC  $07:C632: 20 58 C3  JSR $C358 C358_clear_OAM
(518 lines skipped)
i480119      A:F0 X:00 Y:40 S:FB P:nvUbdIZC  $07:C635: 20 46 EF  JSR $EF46 EF46_switch_bank_4_p1_p2
(7 lines skipped)
i480127      A:08 X:00 Y:40 S:FB P:nvUbdIzC  $07:C638: 20 02 C4  JSR $C402 C402_clear_sound_parts
(71 lines skipped)
i480199      A:A8 X:00 Y:A8 S:FB P:nvUbdIZC  $07:C63B: A2 05     LDX #$05
i480200      A:A8 X:05 Y:A8 S:FB P:nvUbdIzC  $07:C63D: BD 14 80  LDA $8014,X @ $8019 = #$33
i480201      A:33 X:05 Y:A8 S:FB P:nvUbdIzC  $07:C640: 9D AF 06  STA $06AF,X @ $06B4 = #$3B
i480202      A:33 X:05 Y:A8 S:FB P:nvUbdIzC  $07:C643: CA        DEX
i480203      A:33 X:04 Y:A8 S:FB P:nvUbdIzC  $07:C644: 10 F7     BPL $C63D
(20 lines skipped)
i480224      A:12 X:FF Y:A8 S:FB P:NvUbdIzC  $07:C646: A2 17     LDX #$17
i480225      A:12 X:17 Y:A8 S:FB P:nvUbdIzC  $07:C648: BD 7A 81  LDA $817A,X @ $8191 = #$00
i480226      A:00 X:17 Y:A8 S:FB P:nvUbdIZC  $07:C64B: 9D 00 06  STA $0600,X @ $0617 = #$20
i480227      A:00 X:17 Y:A8 S:FB P:nvUbdIZC  $07:C64E: CA        DEX
i480228      A:00 X:16 Y:A8 S:FB P:nvUbdIzC  $07:C64F: 10 F7     BPL $C648
(92 lines skipped)
i480321      A:0F X:FF Y:A8 S:FB P:NvUbdIzC  $07:C651: 60        RTS (from $C62F) ----------------------------
i480322      A:0F X:FF Y:A8 S:FD P:NvUbdIzC  $07:C675: A9 39     LDA #$39
i480323      A:39 X:FF Y:A8 S:FD P:nvUbdIzC  $07:C677: 85 12     STA $12 = #$00
i480324      A:39 X:FF Y:A8 S:FD P:nvUbdIzC  $07:C679: A9 81     LDA #$81
i480325      A:81 X:FF Y:A8 S:FD P:NvUbdIzC  $07:C67B: 85 13     STA $13 = #$9B
i480326      A:81 X:FF Y:A8 S:FD P:NvUbdIzC  $07:C67D: A9 07     LDA #$07
i480327      A:07 X:FF Y:A8 S:FD P:nvUbdIzC  $07:C67F: 85 00     STA $00 = #$00
i480328      A:07 X:FF Y:A8 S:FD P:nvUbdIzC  $07:C681: 20 68 C6  JSR $C668
i480329      A:07 X:FF Y:A8 S:FB P:nvUbdIzC  $07:C668: A5 00     LDA $00 = #$07
i480330      A:07 X:FF Y:A8 S:FB P:nvUbdIzC  $07:C66A: 20 86 D0  JSR $D086
i480331      A:07 X:FF Y:A8 S:F9 P:nvUbdIzC  $07:D086: 20 A3 D0  JSR $D0A3
i480332      A:07 X:FF Y:A8 S:F7 P:nvUbdIzC  $07:D0A3: 85 14     STA $14 = #$E5
i480333      A:07 X:FF Y:A8 S:F7 P:nvUbdIzC  $07:D0A5: 0A        ASL
i480334      A:0E X:FF Y:A8 S:F7 P:nvUbdIzc  $07:D0A6: 0A        ASL
i480335      A:1C X:FF Y:A8 S:F7 P:nvUbdIzc  $07:D0A7: 18        CLC
i480336      A:1C X:FF Y:A8 S:F7 P:nvUbdIzc  $07:D0A8: 65 14     ADC $14 = #$07
i480337      A:23 X:FF Y:A8 S:F7 P:nvUbdIzc  $07:D0AA: A8        TAY
i480338      A:23 X:FF Y:23 S:F7 P:nvUbdIzc  $07:D0AB: A2 00     LDX #$00
i480339      A:23 X:00 Y:23 S:F7 P:nvUbdIZc  $07:D0AD: B1 12     LDA ($12),Y @ $815C = #$C0
i480340      A:C0 X:00 Y:23 S:F7 P:NvUbdIzc  $07:D0AF: 95 14     STA $14,X @ $0014 = #$07
i480341      A:C0 X:00 Y:23 S:F7 P:NvUbdIzc  $07:D0B1: C8        INY
i480342      A:C0 X:00 Y:24 S:F7 P:nvUbdIzc  $07:D0B2: E8        INX
i480343      A:C0 X:01 Y:24 S:F7 P:nvUbdIzc  $07:D0B3: E0 05     CPX #$05
i480344      A:C0 X:01 Y:24 S:F7 P:NvUbdIzc  $07:D0B5: D0 F6     BNE $D0AD
(24 lines skipped)
i480369      A:40 X:05 Y:28 S:F7 P:nvUbdIZC  $07:D0B7: 60        RTS (from $D0A3) ----------------------------
i480370      A:40 X:05 Y:28 S:F9 P:nvUbdIZC  $07:D089: AD 02 20  LDA PPU_STATUS = #$00
i480371      A:00 X:05 Y:28 S:F9 P:nvUbdIZC  $07:D08C: A5 15     LDA $15 = #$23
i480372      A:23 X:05 Y:28 S:F9 P:nvUbdIzC  $07:D08E: 8D 06 20  STA PPU_ADDRESS = #$00
i480373      A:23 X:05 Y:28 S:F9 P:nvUbdIzC  $07:D091: A5 14     LDA $14 = #$C0
i480374      A:C0 X:05 Y:28 S:F9 P:NvUbdIzC  $07:D093: 8D 06 20  STA PPU_ADDRESS = #$00
i480375      A:C0 X:05 Y:28 S:F9 P:NvUbdIzC  $07:D096: A0 00     LDY #$00
i480376      A:C0 X:05 Y:00 S:F9 P:nvUbdIZC  $07:D098: B1 16     LDA ($16),Y @ $8689 = #$00
i480377      A:00 X:05 Y:00 S:F9 P:nvUbdIZC  $07:D09A: 8D 07 20  STA PPU_DATA = #$FE
i480378      A:00 X:05 Y:00 S:F9 P:nvUbdIZC  $07:D09D: C8        INY
i480379      A:00 X:05 Y:01 S:F9 P:nvUbdIzC  $07:D09E: C4 18     CPY $18 = #$40
i480380      A:00 X:05 Y:01 S:F9 P:NvUbdIzc  $07:D0A0: D0 F6     BNE $D098
(315 lines skipped)
i480696      A:00 X:05 Y:40 S:F9 P:nvUbdIZC  $07:D0A2: 60        RTS (from $D086) ----------------------------
i480697      A:00 X:05 Y:40 S:FB P:nvUbdIZC  $07:C66D: C6 00     DEC $00 = #$07
i480698      A:00 X:05 Y:40 S:FB P:nvUbdIzC  $07:C66F: 10 F7     BPL $C668
(590 lines skipped)
i481289      A:51 X:05 Y:1C S:FB P:NvUbdIzC  $07:C671: 60        RTS (from $C668) ----------------------------
i481290      A:51 X:05 Y:1C S:FD P:NvUbdIzC  $07:C684: 20 52 C6  JSR $C652
i481291      A:51 X:05 Y:1C S:FB P:NvUbdIzC  $07:C652: A9 6B     LDA #$6B
i481292      A:6B X:05 Y:1C S:FB P:nvUbdIzC  $07:C654: 85 12     STA $12 = #$39
i481293      A:6B X:05 Y:1C S:FB P:nvUbdIzC  $07:C656: A9 81     LDA #$81
i481294      A:81 X:05 Y:1C S:FB P:NvUbdIzC  $07:C658: 85 13     STA $13 = #$81
i481295      A:81 X:05 Y:1C S:FB P:NvUbdIzC  $07:C65A: A9 02     LDA #$02
i481296      A:02 X:05 Y:1C S:FB P:nvUbdIzC  $07:C65C: 85 1A     STA $1A = #$10
i481297      A:02 X:05 Y:1C S:FB P:nvUbdIzC  $07:C65E: A5 1A     LDA $1A = #$02
i481298      A:02 X:05 Y:1C S:FB P:nvUbdIzC  $07:C660: 20 5C C8  JSR $C85C
i481299      A:02 X:05 Y:1C S:F9 P:nvUbdIzC  $07:C85C: 20 A3 D0  JSR $D0A3
(38 lines skipped)
i481338      A:03 X:05 Y:0F S:F9 P:nvUbdIZC  $07:C85F: A9 03     LDA #$03
i481339      A:03 X:05 Y:0F S:F9 P:nvUbdIzC  $07:C861: 85 0F     STA $0F = #$00
i481340      A:03 X:05 Y:0F S:F9 P:nvUbdIzC  $07:C863: 20 89 D0  JSR $D089
(22 lines skipped)
i481363      A:A0 X:05 Y:03 S:F9 P:nvUbdIZC  $07:C866: A5 14     LDA $14 = #$C5
i481364      A:C5 X:05 Y:03 S:F9 P:NvUbdIzC  $07:C868: 18        CLC
i481365      A:C5 X:05 Y:03 S:F9 P:NvUbdIzc  $07:C869: 69 20     ADC #$20
i481366      A:E5 X:05 Y:03 S:F9 P:NvUbdIzc  $07:C86B: 85 14     STA $14 = #$C5
i481367      A:E5 X:05 Y:03 S:F9 P:NvUbdIzc  $07:C86D: A5 15     LDA $15 = #$22
i481368      A:22 X:05 Y:03 S:F9 P:nvUbdIzc  $07:C86F: 69 00     ADC #$00
i481369      A:22 X:05 Y:03 S:F9 P:nvUbdIzc  $07:C871: 85 15     STA $15 = #$22
i481370      A:22 X:05 Y:03 S:F9 P:nvUbdIzc  $07:C873: A5 16     LDA $16 = #$59
i481371      A:59 X:05 Y:03 S:F9 P:nvUbdIzc  $07:C875: 18        CLC
i481372      A:59 X:05 Y:03 S:F9 P:nvUbdIzc  $07:C876: 65 18     ADC $18 = #$03
i481373      A:5C X:05 Y:03 S:F9 P:nvUbdIzc  $07:C878: 85 16     STA $16 = #$59
i481374      A:5C X:05 Y:03 S:F9 P:nvUbdIzc  $07:C87A: A5 17     LDA $17 = #$87
i481375      A:87 X:05 Y:03 S:F9 P:NvUbdIzc  $07:C87C: 69 00     ADC #$00
i481376      A:87 X:05 Y:03 S:F9 P:NvUbdIzc  $07:C87E: 85 17     STA $17 = #$87
i481377      A:87 X:05 Y:03 S:F9 P:NvUbdIzc  $07:C880: C6 0F     DEC $0F = #$03
i481378      A:87 X:05 Y:03 S:F9 P:nvUbdIzc  $07:C882: 10 DF     BPL $C863
(117 lines skipped)
i481496      A:87 X:05 Y:03 S:F9 P:NvUbdIzc  $07:C884: 60        RTS (from $C85C) ----------------------------
i481497      A:87 X:05 Y:03 S:FB P:NvUbdIzc  $07:C663: C6 1A     DEC $1A = #$02
i481498      A:87 X:05 Y:03 S:FB P:nvUbdIzc  $07:C665: 10 F7     BPL $C65E
(404 lines skipped)
i481903      A:87 X:05 Y:03 S:FB P:NvUbdIzc  $07:C667: 60        RTS (from $C652) ----------------------------
i481904      A:87 X:05 Y:03 S:FD P:NvUbdIzc  $07:C687: 20 3B EF  JSR $EF3B EF3B_switch_bank_2_p1
(5 lines skipped)
i481910      A:04 X:05 Y:03 S:FD P:nvUbdIzc  $07:C68A: A9 0B     LDA #$0B
i481911      A:0B X:05 Y:03 S:FD P:nvUbdIzc  $07:C68C: 85 1A     STA $1A = #$FF
i481912      A:0B X:05 Y:03 S:FD P:nvUbdIzc  $07:C68E: 20 DD C6  JSR $C6DD
i481913      A:0B X:05 Y:03 S:FB P:nvUbdIzc  $07:C6DD: A5 D6     LDA $D6 = #$00
i481914      A:00 X:05 Y:03 S:FB P:nvUbdIZc  $07:C6DF: F0 4B     BEQ $C72C
i481915      A:00 X:05 Y:03 S:FB P:nvUbdIZc  $07:C72C: A5 1A     LDA $1A = #$0B
i481916      A:0B X:05 Y:03 S:FB P:nvUbdIzc  $07:C72E: 29 02     AND #$02
i481917      A:02 X:05 Y:03 S:FB P:nvUbdIzc  $07:C730: D0 06     BNE $C738
i481918      A:02 X:05 Y:03 S:FB P:nvUbdIzc  $07:C738: A5 5E     LDA $5E v_no_level = #$00
i481919      A:00 X:05 Y:03 S:FB P:nvUbdIZc  $07:C73A: 0A        ASL
i481920      A:00 X:05 Y:03 S:FB P:nvUbdIZc  $07:C73B: 0A        ASL
i481921      A:00 X:05 Y:03 S:FB P:nvUbdIZc  $07:C73C: 0A        ASL
i481922      A:00 X:05 Y:03 S:FB P:nvUbdIZc  $07:C73D: 85 00     STA $00 = #$FF
i481923      A:00 X:05 Y:03 S:FB P:nvUbdIZc  $07:C73F: 0A        ASL
i481924      A:00 X:05 Y:03 S:FB P:nvUbdIZc  $07:C740: 18        CLC
i481925      A:00 X:05 Y:03 S:FB P:nvUbdIZc  $07:C741: 65 00     ADC $00 = #$00
i481926      A:00 X:05 Y:03 S:FB P:nvUbdIZc  $07:C743: 18        CLC
i481927      A:00 X:05 Y:03 S:FB P:nvUbdIZc  $07:C744: 65 1A     ADC $1A = #$0B
i481928      A:0B X:05 Y:03 S:FB P:nvUbdIzc  $07:C746: 18        CLC
i481929      A:0B X:05 Y:03 S:FB P:nvUbdIzc  $07:C747: 65 1A     ADC $1A = #$0B
i481930      A:16 X:05 Y:03 S:FB P:nvUbdIzc  $07:C749: A8        TAY
i481931      A:16 X:05 Y:16 S:FB P:nvUbdIzc  $07:C74A: B9 00 94  LDA $9400,Y @ $9416 = #$61
i481932      A:61 X:05 Y:16 S:FB P:nvUbdIzc  $07:C74D: 85 02     STA $02 = #$89
i481933      A:61 X:05 Y:16 S:FB P:nvUbdIzc  $07:C74F: B9 01 94  LDA $9401,Y @ $9417 = #$9B
i481934      A:9B X:05 Y:16 S:FB P:NvUbdIzc  $07:C752: 85 03     STA $03 = #$87
i481935      A:9B X:05 Y:16 S:FB P:NvUbdIzc  $07:C754: A0 13     LDY #$13
i481936      A:9B X:05 Y:13 S:FB P:nvUbdIzc  $07:C756: B1 02     LDA ($02),Y @ $9B74 = #$00
i481937      A:00 X:05 Y:13 S:FB P:nvUbdIZc  $07:C758: 99 33 06  STA $0633,Y @ $0646 = #$00
i481938      A:00 X:05 Y:13 S:FB P:nvUbdIZc  $07:C75B: 88        DEY
i481939      A:00 X:05 Y:12 S:FB P:nvUbdIzc  $07:C75C: 10 F8     BPL $C756
(76 lines skipped)
i482016      A:1F X:05 Y:FF S:FB P:NvUbdIzc  $07:C75E: A5 1A     LDA $1A = #$0B
i482017      A:0B X:05 Y:FF S:FB P:nvUbdIzc  $07:C760: 0A        ASL
i482018      A:16 X:05 Y:FF S:FB P:nvUbdIzc  $07:C761: A8        TAY
i482019      A:16 X:05 Y:16 S:FB P:nvUbdIzc  $07:C762: B9 14 C6  LDA $C614,Y @ $C62A = #$2A
i482020      A:2A X:05 Y:16 S:FB P:nvUbdIzc  $07:C765: 85 14     STA $14 = #$45
i482021      A:2A X:05 Y:16 S:FB P:nvUbdIzc  $07:C767: B9 15 C6  LDA $C615,Y @ $C62B = #$23
i482022      A:23 X:05 Y:16 S:FB P:nvUbdIzc  $07:C76A: 85 15     STA $15 = #$21
i482023      A:23 X:05 Y:16 S:FB P:nvUbdIzc  $07:C76C: A9 33     LDA #$33
i482024      A:33 X:05 Y:16 S:FB P:nvUbdIzc  $07:C76E: 85 16     STA $16 = #$4D
i482025      A:33 X:05 Y:16 S:FB P:nvUbdIzc  $07:C770: A9 06     LDA #$06
i482026      A:06 X:05 Y:16 S:FB P:nvUbdIzc  $07:C772: 85 17     STA $17 = #$87
i482027      A:06 X:05 Y:16 S:FB P:nvUbdIzc  $07:C774: A9 14     LDA #$14
i482028      A:14 X:05 Y:16 S:FB P:nvUbdIzc  $07:C776: 85 18     STA $18 = #$03
i482029      A:14 X:05 Y:16 S:FB P:nvUbdIzc  $07:C778: 4C 89 D0  JMP $D089
(107 lines skipped)
i482137      A:00 X:05 Y:14 S:FD P:nvUbdIZC  $07:C691: C6 1A     DEC $1A = #$0B
i482138      A:00 X:05 Y:14 S:FD P:nvUbdIzC  $07:C693: 10 F9     BPL $C68E
(233 lines skipped)
i482372      A:00 X:05 Y:14 S:FB P:nvUbdIZC  $07:C732: 20 7B C7  JSR $C77B
i482373      A:00 X:05 Y:14 S:F9 P:nvUbdIZC  $07:C77B: A5 1A     LDA $1A = #$09
i482374      A:09 X:05 Y:14 S:F9 P:nvUbdIzC  $07:C77D: 4A        LSR
i482375      A:04 X:05 Y:14 S:F9 P:nvUbdIzC  $07:C77E: 4A        LSR
i482376      A:02 X:05 Y:14 S:F9 P:nvUbdIzc  $07:C77F: AA        TAX
i482377      A:02 X:02 Y:14 S:F9 P:nvUbdIzc  $07:C780: A5 D4     LDA $D4 = #$FC
i482378      A:FC X:02 Y:14 S:F9 P:NvUbdIzc  $07:C782: 85 00     STA $00 = #$00
i482379      A:FC X:02 Y:14 S:F9 P:NvUbdIzc  $07:C784: 4A        LSR
i482380      A:7E X:02 Y:14 S:F9 P:nvUbdIzc  $07:C785: 4A        LSR
i482381      A:3F X:02 Y:14 S:F9 P:nvUbdIzc  $07:C786: CA        DEX
i482382      A:3F X:01 Y:14 S:F9 P:nvUbdIzc  $07:C787: 10 FB     BPL $C784
(8 lines skipped)
i482391      A:03 X:FF Y:14 S:F9 P:NvUbdIzC  $07:C789: 29 03     AND #$03
i482392      A:03 X:FF Y:14 S:F9 P:nvUbdIzC  $07:C78B: C9 03     CMP #$03
i482393      A:03 X:FF Y:14 S:F9 P:nvUbdIZC  $07:C78D: 60        RTS (from $C77B) ----------------------------
i482394      A:03 X:FF Y:14 S:FB P:nvUbdIZC  $07:C735: D0 01     BNE $C738
i482395      A:03 X:FF Y:14 S:FB P:nvUbdIZC  $07:C737: 60        RTS (from $C6DD) ----------------------------
(1046 lines skipped)
i483442      A:03 X:FF Y:14 S:FD P:NvUbdIzC  $07:C695: A9 00     LDA #$00
i483443      A:00 X:FF Y:14 S:FD P:nvUbdIZC  $07:C697: 85 19     STA $19 = #$00
i483444      A:00 X:FF Y:14 S:FD P:nvUbdIZC  $07:C699: 8D 31 06  STA $0631 = #$00
i483445      A:00 X:FF Y:14 S:FD P:nvUbdIZC  $07:C69C: 8D 7B 06  STA $067B = #$00
i483446      A:00 X:FF Y:14 S:FD P:nvUbdIZC  $07:C69F: 85 3D     STA $3D = #$01
i483447      A:00 X:FF Y:14 S:FD P:nvUbdIZC  $07:C6A1: AA        TAX
i483448      A:00 X:00 Y:14 S:FD P:nvUbdIZC  $07:C6A2: A5 5F     LDA $5F v_chr_live_status = #$FC
i483449      A:FC X:00 Y:14 S:FD P:NvUbdIzC  $07:C6A4: 6A        ROR
i483450      A:FE X:00 Y:14 S:FD P:NvUbdIzc  $07:C6A5: 6A        ROR
i483451      A:7F X:00 Y:14 S:FD P:nvUbdIzc  $07:C6A6: 6A        ROR
i483452      A:3F X:00 Y:14 S:FD P:nvUbdIzC  $07:C6A7: 6A        ROR
i483453      A:9F X:00 Y:14 S:FD P:NvUbdIzC  $07:C6A8: B0 03     BCS $C6AD
i483454      A:9F X:00 Y:14 S:FD P:NvUbdIzC  $07:C6AD: 86 AD     STX $AD = #$8F
i483455      A:9F X:00 Y:14 S:FD P:NvUbdIzC  $07:C6AF: 20 53 C8  JSR $C853
i483456      A:9F X:00 Y:14 S:FB P:NvUbdIzC  $07:C853: A5 5F     LDA $5F v_chr_live_status = #$FC
i483457      A:FC X:00 Y:14 S:FB P:NvUbdIzC  $07:C855: 29 FC     AND #$FC
i483458      A:FC X:00 Y:14 S:FB P:NvUbdIzC  $07:C857: 05 AD     ORA $AD = #$00
i483459      A:FC X:00 Y:14 S:FB P:NvUbdIzC  $07:C859: 85 5F     STA $5F v_chr_live_status = #$FC
i483460      A:FC X:00 Y:14 S:FB P:NvUbdIzC  $07:C85B: 60        RTS (from $C853) ----------------------------
i483461      A:FC X:00 Y:14 S:FD P:NvUbdIzC  $07:C6B2: A9 10     LDA #$10
i483462      A:10 X:00 Y:14 S:FD P:nvUbdIzC  $07:C6B4: 85 3B     STA $3B = #$10
i483463      A:10 X:00 Y:14 S:FD P:nvUbdIzC  $07:C6B6: 20 1E C5  JSR $C51E
(5850 lines skipped)
i489314      A:1E X:FF Y:20 S:FD P:nvUbdIzC  $07:C6B9: A5 3D     LDA $3D = #$00
i489315      A:00 X:FF Y:20 S:FD P:nvUbdIZC  $07:C6BB: F0 FC     BEQ $C6B9
(9967 lines skipped)
i499283      A:10 X:FF Y:20 S:F7 P:nvUbdIzc  $07:ED82: 29 10     AND #$10
i499284      A:10 X:FF Y:20 S:F7 P:nvUbdIzc  $07:ED84: F0 03     BEQ $ED89
i499285      A:10 X:FF Y:20 S:F7 P:nvUbdIzc  $07:ED86: 4C 21 EE  JMP $EE21
i499286      A:10 X:FF Y:20 S:F7 P:nvUbdIzc  $07:EE21: A5 19     LDA $19 = #$00
i499287      A:00 X:FF Y:20 S:F7 P:nvUbdIZc  $07:EE23: D0 E3     BNE $EE08
i499288      A:00 X:FF Y:20 S:F7 P:nvUbdIZc  $07:EE25: 20 58 C3  JSR $C358 C358_clear_OAM
(518 lines skipped)
i499807      A:F0 X:00 Y:40 S:F7 P:nvUbdIZc  $07:EE28: 20 8E C7  JSR $C78E
i499808      A:F0 X:00 Y:40 S:F5 P:nvUbdIZc  $07:C78E: AD F6 FF  LDA $FFF6 = #$FF
i499809      A:FF X:00 Y:40 S:F5 P:NvUbdIzc  $07:C791: 30 13     BMI $C7A6
i499810      A:FF X:00 Y:40 S:F5 P:NvUbdIzc  $07:C7A6: A5 3D     LDA $3D = #$00
i499811      A:00 X:00 Y:40 S:F5 P:nvUbdIZc  $07:C7A8: D0 0B     BNE $C7B5
i499812      A:00 X:00 Y:40 S:F5 P:nvUbdIZc  $07:C7AA: A9 03     LDA #$03
i499813      A:03 X:00 Y:40 S:F5 P:nvUbdIzc  $07:C7AC: 20 79 D0  JSR $D079 Check button press
(5 lines skipped)
i499819      A:00 X:00 Y:40 S:F5 P:nvUbdIZc  $07:C7AF: F0 09     BEQ $C7BA
i499820      A:00 X:00 Y:40 S:F5 P:nvUbdIZc  $07:C7BA: A5 AD     LDA $AD = #$00
i499821      A:00 X:00 Y:40 S:F5 P:nvUbdIZc  $07:C7BC: 85 AE     STA $AE = #$00
i499822      A:00 X:00 Y:40 S:F5 P:nvUbdIZc  $07:C7BE: A9 30     LDA #$30
i499823      A:30 X:00 Y:40 S:F5 P:nvUbdIzc  $07:C7C0: 20 79 D0  JSR $D079 Check button press
(5 lines skipped)
i499829      A:00 X:00 Y:40 S:F5 P:nvUbdIZc  $07:C7C3: F0 2A     BEQ $C7EF
i499830      A:00 X:00 Y:40 S:F5 P:nvUbdIZc  $07:C7EF: A5 3D     LDA $3D = #$00
i499831      A:00 X:00 Y:40 S:F5 P:nvUbdIZc  $07:C7F1: 29 04     AND #$04
i499832      A:00 X:00 Y:40 S:F5 P:nvUbdIZc  $07:C7F3: D0 0E     BNE $C803
i499833      A:00 X:00 Y:40 S:F5 P:nvUbdIZc  $07:C7F5: A6 AD     LDX $AD = #$00
i499834      A:00 X:00 Y:40 S:F5 P:nvUbdIZc  $07:C7F7: BD 2C C6  LDA $C62C,X @ $C62C = #$47
i499835      A:47 X:00 Y:40 S:F5 P:nvUbdIzc  $07:C7FA: 85 00     STA $00 = #$FC
i499836      A:47 X:00 Y:40 S:F5 P:nvUbdIzc  $07:C7FC: A9 10     LDA #$10
i499837      A:10 X:00 Y:40 S:F5 P:nvUbdIzc  $07:C7FE: A0 02     LDY #$02
i499838      A:10 X:00 Y:02 S:F5 P:nvUbdIzc  $07:C800: 20 32 C8  JSR $C832
i499839      A:10 X:00 Y:02 S:F3 P:nvUbdIzc  $07:C832: 85 03     STA $03 = #$9A
i499840      A:10 X:00 Y:02 S:F3 P:nvUbdIzc  $07:C834: 98        TYA
i499841      A:02 X:00 Y:02 S:F3 P:nvUbdIzc  $07:C835: 18        CLC
i499842      A:02 X:00 Y:02 S:F3 P:nvUbdIzc  $07:C836: 69 70     ADC #$70
i499843      A:72 X:00 Y:02 S:F3 P:nvUbdIzc  $07:C838: 85 01     STA $01 = #$21
i499844      A:72 X:00 Y:02 S:F3 P:nvUbdIzc  $07:C83A: A9 20     LDA #$20
i499845      A:20 X:00 Y:02 S:F3 P:nvUbdIzc  $07:C83C: 85 02     STA $02 = #$FD
i499846      A:20 X:00 Y:02 S:F3 P:nvUbdIzc  $07:C83E: 4C 33 CE  JMP $CE33 CE33_add_sprite_magic
CE33_add_sprite_magic:
i499847      A:20 X:00 Y:02 S:F3 P:nvUbdIzc  $07:CE33: 98        TYA
i499848      A:02 X:00 Y:02 S:F3 P:nvUbdIzc  $07:CE34: 48        PHA
i499849      A:02 X:00 Y:02 S:F2 P:nvUbdIzc  $07:CE35: AC F7 06  LDY $06F7 = #$00
i499850      A:02 X:00 Y:00 S:F2 P:nvUbdIZc  $07:CE38: C0 40     CPY #$40
i499851      A:02 X:00 Y:00 S:F2 P:NvUbdIzc  $07:CE3A: B0 1B     BCS $CE57
i499852      A:02 X:00 Y:00 S:F2 P:NvUbdIzc  $07:CE3C: A5 00     LDA $00 = #$47
i499853      A:47 X:00 Y:00 S:F2 P:nvUbdIzc  $07:CE3E: 99 B7 06  STA $06B7,Y @ $06B7 = #$F0
i499854      A:47 X:00 Y:00 S:F2 P:nvUbdIzc  $07:CE41: A5 01     LDA $01 = #$72
i499855      A:72 X:00 Y:00 S:F2 P:nvUbdIzc  $07:CE43: 99 B8 06  STA $06B8,Y @ $06B8 = #$F0
i499856      A:72 X:00 Y:00 S:F2 P:nvUbdIzc  $07:CE46: A5 02     LDA $02 = #$20
i499857      A:20 X:00 Y:00 S:F2 P:nvUbdIzc  $07:CE48: 99 B9 06  STA $06B9,Y @ $06B9 = #$F0
i499858      A:20 X:00 Y:00 S:F2 P:nvUbdIzc  $07:CE4B: A5 03     LDA $03 = #$10
i499859      A:10 X:00 Y:00 S:F2 P:nvUbdIzc  $07:CE4D: 99 BA 06  STA $06BA,Y @ $06BA = #$F0
i499860      A:10 X:00 Y:00 S:F2 P:nvUbdIzc  $07:CE50: C8        INY
i499861      A:10 X:00 Y:01 S:F2 P:nvUbdIzc  $07:CE51: C8        INY
i499862      A:10 X:00 Y:02 S:F2 P:nvUbdIzc  $07:CE52: C8        INY
i499863      A:10 X:00 Y:03 S:F2 P:nvUbdIzc  $07:CE53: C8        INY
i499864      A:10 X:00 Y:04 S:F2 P:nvUbdIzc  $07:CE54: 8C F7 06  STY $06F7 = #$00
i499865      A:10 X:00 Y:04 S:F2 P:nvUbdIzc  $07:CE57: 68        PLA
i499866      A:02 X:00 Y:04 S:F3 P:nvUbdIzc  $07:CE58: A8        TAY
i499867      A:02 X:00 Y:02 S:F3 P:nvUbdIzc  $07:CE59: 60        RTS (from $C832) ----------------------------
i499868      A:02 X:00 Y:02 S:F5 P:nvUbdIzc  $07:C803: A9 4F     LDA #$4F
i499869      A:4F X:00 Y:02 S:F5 P:nvUbdIzc  $07:C805: 85 00     STA $00 = #$47
i499870      A:4F X:00 Y:02 S:F5 P:nvUbdIzc  $07:C807: A5 5F     LDA $5F v_chr_live_status = #$FC
i499871      A:FC X:00 Y:02 S:F5 P:NvUbdIzc  $07:C809: 4A        LSR
i499872      A:7E X:00 Y:02 S:F5 P:nvUbdIzc  $07:C80A: 4A        LSR
i499873      A:3F X:00 Y:02 S:F5 P:nvUbdIzc  $07:C80B: 20 24 C8  JSR $C824
i499874      A:3F X:00 Y:02 S:F3 P:nvUbdIzc  $07:C824: A0 04     LDY #$04
i499875      A:3F X:00 Y:04 S:F3 P:nvUbdIzc  $07:C826: 29 03     AND #$03
i499876      A:03 X:00 Y:04 S:F3 P:nvUbdIzc  $07:C828: F0 06     BEQ $C830
i499877      A:03 X:00 Y:04 S:F3 P:nvUbdIzc  $07:C82A: C9 01     CMP #$01
i499878      A:03 X:00 Y:04 S:F3 P:nvUbdIzC  $07:C82C: D0 1A     BNE $C848
i499879      A:03 X:00 Y:04 S:F3 P:nvUbdIzC  $07:C848: 60        RTS (from $C824) ----------------------------
i499880      A:03 X:00 Y:04 S:F5 P:nvUbdIzC  $07:C80E: A9 8F     LDA #$8F
i499881      A:8F X:00 Y:04 S:F5 P:NvUbdIzC  $07:C810: 85 00     STA $00 = #$4F
i499882      A:8F X:00 Y:04 S:F5 P:NvUbdIzC  $07:C812: A5 5F     LDA $5F v_chr_live_status = #$FC
i499883      A:FC X:00 Y:04 S:F5 P:NvUbdIzC  $07:C814: 20 5F D0  JSR $D05F
i499884      A:FC X:00 Y:04 S:F3 P:NvUbdIzC  $07:D05F: 4A        LSR
i499885      A:7E X:00 Y:04 S:F3 P:nvUbdIzc  $07:D060: 4A        LSR
i499886      A:3F X:00 Y:04 S:F3 P:nvUbdIzc  $07:D061: 4A        LSR
i499887      A:1F X:00 Y:04 S:F3 P:nvUbdIzC  $07:D062: 4A        LSR
i499888      A:0F X:00 Y:04 S:F3 P:nvUbdIzC  $07:D063: 60        RTS (from $D05F) ----------------------------
i499889      A:0F X:00 Y:04 S:F5 P:nvUbdIzC  $07:C817: 20 24 C8  JSR $C824
(6 lines skipped)
i499896      A:03 X:00 Y:04 S:F5 P:nvUbdIzC  $07:C81A: A9 CF     LDA #$CF
i499897      A:CF X:00 Y:04 S:F5 P:NvUbdIzC  $07:C81C: 85 00     STA $00 = #$8F
i499898      A:CF X:00 Y:04 S:F5 P:NvUbdIzC  $07:C81E: A5 5F     LDA $5F v_chr_live_status = #$FC
i499899      A:FC X:00 Y:04 S:F5 P:NvUbdIzC  $07:C820: 20 5E D0  JSR $D05E
i499900      A:FC X:00 Y:04 S:F3 P:NvUbdIzC  $07:D05E: 4A        LSR
(5 lines skipped)
i499906      A:07 X:00 Y:04 S:F5 P:nvUbdIzC  $07:C823: 4A        LSR
(6 lines skipped)
i499913      A:03 X:00 Y:04 S:F7 P:nvUbdIzC  $07:EE2B: 20 6C C4  JSR $C46C
(98 lines skipped)
i500012      A:00 X:00 Y:04 S:F7 P:nvUbdIZc  $07:EE2E: 20 86 EF  JSR $EF86
(3 lines skipped)
i500016      A:00 X:00 Y:04 S:F7 P:nvUbdIzc  $07:EE31: 4C E7 ED  JMP $EDE7
(24 lines skipped)
i500041      A:47 X:00 Y:00 S:F5 P:nvUbdIzc  $07:CF1F: 85 00     STA $00 = #$CF
i500042      A:47 X:00 Y:00 S:F5 P:nvUbdIzc  $07:CF21: B9 BA 06  LDA $06BA,Y @ $06BA = #$10
i500043      A:10 X:00 Y:00 S:F5 P:nvUbdIzc  $07:CF24: 85 01     STA $01 = #$72
i500044      A:10 X:00 Y:00 S:F5 P:nvUbdIzc  $07:CF26: B9 B9 06  LDA $06B9,Y @ $06B9 = #$20
i500045      A:20 X:00 Y:00 S:F5 P:nvUbdIzc  $07:CF29: 48        PHA
i500046      A:20 X:00 Y:00 S:F4 P:nvUbdIzc  $07:CF2A: 48        PHA
i500047      A:20 X:00 Y:00 S:F3 P:nvUbdIzc  $07:CF2B: 48        PHA
i500048      A:20 X:00 Y:00 S:F2 P:nvUbdIzc  $07:CF2C: A2 0B     LDX #$0B
i500049      A:20 X:0B Y:00 S:F2 P:nvUbdIzc  $07:CF2E: 29 30     AND #$30
i500050      A:20 X:0B Y:00 S:F2 P:nvUbdIzc  $07:CF30: F0 08     BEQ $CF3A
i500051      A:20 X:0B Y:00 S:F2 P:nvUbdIzc  $07:CF32: A2 05     LDX #$05
i500052      A:20 X:05 Y:00 S:F2 P:nvUbdIzc  $07:CF34: C9 10     CMP #$10
i500053      A:20 X:05 Y:00 S:F2 P:nvUbdIzC  $07:CF36: F0 02     BEQ $CF3A
i500054      A:20 X:05 Y:00 S:F2 P:nvUbdIzC  $07:CF38: A2 0A     LDX #$0A
i500055      A:20 X:0A Y:00 S:F2 P:nvUbdIzC  $07:CF3A: A9 06     LDA #$06
i500056      A:06 X:0A Y:00 S:F2 P:nvUbdIzC  $07:CF3C: 8D 00 80  STA $8000 MMC3_Bank_select = #$54
i500057      A:06 X:0A Y:00 S:F2 P:nvUbdIzC  $07:CF3F: 8E 01 80  STX $8001 MMC3_Bank_data = #$00
i500058      A:06 X:0A Y:00 S:F2 P:nvUbdIzC  $07:CF42: 68        PLA
i500059      A:20 X:0A Y:00 S:F3 P:nvUbdIzC  $07:CF43: 29 03     AND #$03
i500060      A:00 X:0A Y:00 S:F3 P:nvUbdIZC  $07:CF45: 85 45     STA $45 = #$00
i500061      A:00 X:0A Y:00 S:F3 P:nvUbdIZC  $07:CF47: 68        PLA
i500062      A:20 X:0A Y:00 S:F4 P:nvUbdIzC  $07:CF48: 29 04     AND #$04
i500063      A:00 X:0A Y:00 S:F4 P:nvUbdIZC  $07:CF4A: F0 02     BEQ $CF4E
i500064      A:00 X:0A Y:00 S:F4 P:nvUbdIZC  $07:CF4E: 85 0A     STA $0A = #$00
i500065      A:00 X:0A Y:00 S:F4 P:nvUbdIZC  $07:CF50: 68        PLA
i500066      A:20 X:0A Y:00 S:F5 P:nvUbdIzC  $07:CF51: 2A        ROL
i500067      A:41 X:0A Y:00 S:F5 P:nvUbdIzc  $07:CF52: 2A        ROL
i500068      A:82 X:0A Y:00 S:F5 P:NvUbdIzc  $07:CF53: 2A        ROL
i500069      A:04 X:0A Y:00 S:F5 P:nvUbdIzC  $07:CF54: 29 03     AND #$03
i500070      A:00 X:0A Y:00 S:F5 P:nvUbdIZC  $07:CF56: 09 80     ORA #$80
i500071      A:80 X:0A Y:00 S:F5 P:NvUbdIzC  $07:CF58: 85 05     STA $05 = #$02
i500072      A:80 X:0A Y:00 S:F5 P:NvUbdIzC  $07:CF5A: A9 00     LDA #$00
i500073      A:00 X:0A Y:00 S:F5 P:nvUbdIZC  $07:CF5C: 85 04     STA $04 = #$00
i500074      A:00 X:0A Y:00 S:F5 P:nvUbdIZC  $07:CF5E: B9 B8 06  LDA $06B8,Y @ $06B8 = #$72
i500075      A:72 X:0A Y:00 S:F5 P:nvUbdIzC  $07:CF61: A8        TAY
i500076      A:72 X:0A Y:72 S:F5 P:nvUbdIzC  $07:CF62: B1 04     LDA ($04),Y @ $8072 = #$2D
i500077      A:2D X:0A Y:72 S:F5 P:nvUbdIzC  $07:CF64: 85 02     STA $02 = #$20
i500078      A:2D X:0A Y:72 S:F5 P:nvUbdIzC  $07:CF66: C8        INY
i500079      A:2D X:0A Y:73 S:F5 P:nvUbdIzC  $07:CF67: B1 04     LDA ($04),Y @ $8073 = #$8B
i500080      A:8B X:0A Y:73 S:F5 P:NvUbdIzC  $07:CF69: 85 03     STA $03 = #$10
i500081      A:8B X:0A Y:73 S:F5 P:NvUbdIzC  $07:CF6B: A0 00     LDY #$00
i500082      A:8B X:0A Y:00 S:F5 P:nvUbdIZC  $07:CF6D: B1 02     LDA ($02),Y @ $8B2D = #$02
i500083      A:02 X:0A Y:00 S:F5 P:nvUbdIzC  $07:CF6F: 85 05     STA $05 = #$80
i500084      A:02 X:0A Y:00 S:F5 P:nvUbdIzC  $07:CF71: F0 55     BEQ $CFC8
i500085      A:02 X:0A Y:00 S:F5 P:nvUbdIzC  $07:CF73: A6 43     LDX $43 = #$00
i500086      A:02 X:00 Y:00 S:F5 P:nvUbdIZC  $07:CF75: C8        INY
i500087      A:02 X:00 Y:01 S:F5 P:nvUbdIzC  $07:CF76: A9 00     LDA #$00
i500088      A:00 X:00 Y:01 S:F5 P:nvUbdIZC  $07:CF78: 85 04     STA $04 = #$00
i500089      A:00 X:00 Y:01 S:F5 P:nvUbdIZC  $07:CF7A: B1 02     LDA ($02),Y @ $8B2E = #$F8
i500090      A:F8 X:00 Y:01 S:F5 P:NvUbdIzC  $07:CF7C: 10 02     BPL $CF80
i500091      A:F8 X:00 Y:01 S:F5 P:NvUbdIzC  $07:CF7E: C6 04     DEC $04 = #$00
i500092      A:F8 X:00 Y:01 S:F5 P:NvUbdIzC  $07:CF80: 18        CLC
i500093      A:F8 X:00 Y:01 S:F5 P:NvUbdIzc  $07:CF81: 65 00     ADC $00 = #$47
i500094      A:3F X:00 Y:01 S:F5 P:nvUbdIzC  $07:CF83: 9D 00 07  STA $0700 vStartOAM,X @ $0700 vStartOAM = #$F
i500095      A:3F X:00 Y:01 S:F5 P:nvUbdIzC  $07:CF86: A5 04     LDA $04 = #$FF
i500096      A:FF X:00 Y:01 S:F5 P:NvUbdIzC  $07:CF88: 69 00     ADC #$00
i500097      A:00 X:00 Y:01 S:F5 P:nvUbdIZC  $07:CF8A: D0 48     BNE $CFD4
i500098      A:00 X:00 Y:01 S:F5 P:nvUbdIZC  $07:CF8C: C8        INY
i500099      A:00 X:00 Y:02 S:F5 P:nvUbdIzC  $07:CF8D: B1 02     LDA ($02),Y @ $8B2F = #$62
i500100      A:62 X:00 Y:02 S:F5 P:nvUbdIzC  $07:CF8F: 05 0A     ORA $0A = #$00
i500101      A:62 X:00 Y:02 S:F5 P:nvUbdIzC  $07:CF91: 9D 01 07  STA $0701,X @ $0701 = #$00
i500102      A:62 X:00 Y:02 S:F5 P:nvUbdIzC  $07:CF94: C8        INY
i500103      A:62 X:00 Y:03 S:F5 P:nvUbdIzC  $07:CF95: B1 02     LDA ($02),Y @ $8B30 = #$00
i500104      A:00 X:00 Y:03 S:F5 P:nvUbdIZC  $07:CF97: 05 45     ORA $45 = #$00
i500105      A:00 X:00 Y:03 S:F5 P:nvUbdIZC  $07:CF99: 9D 02 07  STA $0702,X @ $0702 = #$00
i500106      A:00 X:00 Y:03 S:F5 P:nvUbdIZC  $07:CF9C: C8        INY
i500107      A:00 X:00 Y:04 S:F5 P:nvUbdIzC  $07:CF9D: A9 00     LDA #$00
i500108      A:00 X:00 Y:04 S:F5 P:nvUbdIZC  $07:CF9F: 85 04     STA $04 = #$FF
i500109      A:00 X:00 Y:04 S:F5 P:nvUbdIZC  $07:CFA1: B1 02     LDA ($02),Y @ $8B31 = #$F8
i500110      A:F8 X:00 Y:04 S:F5 P:NvUbdIzC  $07:CFA3: 10 02     BPL $CFA7
i500111      A:F8 X:00 Y:04 S:F5 P:NvUbdIzC  $07:CFA5: C6 04     DEC $04 = #$00
i500112      A:F8 X:00 Y:04 S:F5 P:NvUbdIzC  $07:CFA7: 18        CLC
i500113      A:F8 X:00 Y:04 S:F5 P:NvUbdIzc  $07:CFA8: 65 01     ADC $01 = #$10
i500114      A:08 X:00 Y:04 S:F5 P:nvUbdIzC  $07:CFAA: 85 06     STA $06 = #$00
i500115      A:08 X:00 Y:04 S:F5 P:nvUbdIzC  $07:CFAC: A5 04     LDA $04 = #$FF
i500116      A:FF X:00 Y:04 S:F5 P:NvUbdIzC  $07:CFAE: 69 00     ADC #$00
i500117      A:00 X:00 Y:04 S:F5 P:nvUbdIZC  $07:CFB0: D0 25     BNE $CFD7
i500118      A:00 X:00 Y:04 S:F5 P:nvUbdIZC  $07:CFB2: A5 06     LDA $06 = #$08
i500119      A:08 X:00 Y:04 S:F5 P:nvUbdIzC  $07:CFB4: C9 F9     CMP #$F9
i500120      A:08 X:00 Y:04 S:F5 P:nvUbdIzc  $07:CFB6: B0 1F     BCS $CFD7
i500121      A:08 X:00 Y:04 S:F5 P:nvUbdIzc  $07:CFB8: 9D 03 07  STA $0703,X @ $0703 = #$00
i500122      A:08 X:00 Y:04 S:F5 P:nvUbdIzc  $07:CFBB: E8        INX
i500123      A:08 X:01 Y:04 S:F5 P:nvUbdIzc  $07:CFBC: E8        INX
i500124      A:08 X:02 Y:04 S:F5 P:nvUbdIzc  $07:CFBD: E8        INX
i500125      A:08 X:03 Y:04 S:F5 P:nvUbdIzc  $07:CFBE: E8        INX
i500126      A:08 X:04 Y:04 S:F5 P:nvUbdIzc  $07:CFBF: F0 12     BEQ $CFD3
i500127      A:08 X:04 Y:04 S:F5 P:nvUbdIzc  $07:CFC1: C8        INY
i500128      A:08 X:04 Y:05 S:F5 P:nvUbdIzc  $07:CFC2: C6 05     DEC $05 = #$02
i500129      A:08 X:04 Y:05 S:F5 P:nvUbdIzc  $07:CFC4: D0 B0     BNE $CF76
(42 lines skipped)
i500172      A:10 X:08 Y:09 S:F5 P:nvUbdIZc  $07:CFC6: 86 43     STX $43 = #$00
