FCEUX 2.6.6-interim git58b87387eb934976373f5febbf85261fa427c30e - Trace Log File

---COMMENTED! i338161920   A:01 X:FF Y:20 S:FD P:nvubdIzc  $07:C000: 78        SEI
---COMMENTED! i338161921   A:01 X:FF Y:20 S:FD P:nvubdIzc  $07:C001: D8        CLD
---COMMENTED! i338161922   A:01 X:FF Y:20 S:FD P:nvubdIzc  $07:C002: A9 00     LDA #$00
---COMMENTED! i338161923   A:00 X:FF Y:20 S:FD P:nvubdIZc  $07:C004: 8D 00 20  STA PPU_CTRL = #$00
---COMMENTED! i338161924   A:00 X:FF Y:20 S:FD P:nvubdIZc  $07:C007: 8D 01 20  STA PPU_MASK = #$00
---COMMENTED! i338161925   A:00 X:FF Y:20 S:FD P:nvubdIZc  $07:C00A: 85 26     STA $26 = #$90

i338161926   A:00 X:FF Y:20 S:FD P:nvubdIZc  $07:C00C: AD 02 20  LDA PPU_STATUS = #$00
i338161927   A:00 X:FF Y:20 S:FD P:nvubdIZc  $07:C00F: 10 FB     BPL $C00C bra_C00C_wait_til_vblank

---COMMENTED! i338178974   A:80 X:FF Y:20 S:FD P:NvubdIzc  $07:C011: AD 02 20  LDA PPU_STATUS = #$00
---COMMENTED! i338178975   A:00 X:FF Y:20 S:FD P:nvubdIZc  $07:C014: 10 FB     BPL $C011 bra_C011_wait_til_vblank
(8506 lines skipped)
i338187482   A:80 X:FF Y:20 S:FD P:NvubdIzc  $07:C016: A2 FF     LDX #$FF
i338187483   A:80 X:FF Y:20 S:FD P:NvubdIzc  $07:C018: 9A        TXS
i338187484   A:80 X:FF Y:20 S:FF P:NvubdIzc  $07:C019: A9 00     LDA #$00
i338187485   A:00 X:FF Y:20 S:FF P:nvubdIZc  $07:C01B: AA        TAX

---COMMENTED! i338187486   A:00 X:00 Y:20 S:FF P:nvubdIZc  $07:C01C: 9D 00 02  STA $0200,X @ $0200 = #$00
---COMMENTED! i338187487   A:00 X:00 Y:20 S:FF P:nvubdIZc  $07:C01F: 9D 00 03  STA $0300 vEnemies,X @ $0300 vEnemies = #$00
---COMMENTED! i338187488   A:00 X:00 Y:20 S:FF P:nvubdIZc  $07:C022: 9D 00 04  STA $0400,X @ $0400 = #$02
---COMMENTED! i338187489   A:00 X:00 Y:20 S:FF P:nvubdIZc  $07:C025: 9D 00 05  STA $0500 vRooms,X @ $0500 vRooms = #$00
---COMMENTED! i338187490   A:00 X:00 Y:20 S:FF P:nvubdIZc  $07:C028: 9D 00 06  STA $0600,X @ $0600 = #$0F
---COMMENTED! i338187491   A:00 X:00 Y:20 S:FF P:nvubdIZc  $07:C02B: 9D 00 07  STA $0700 vStartOAM,X @ $0700 vStartOAM = #$F
---COMMENTED! i338187492   A:00 X:00 Y:20 S:FF P:nvubdIZc  $07:C02E: E8        INX
---COMMENTED! i338187493   A:00 X:01 Y:20 S:FF P:nvubdIzc  $07:C02F: D0 EB     BNE $C01C bra_C01C_memset_zero

bra_C031_loop:
; [0x0000-0x0098] in 0
i338189534   A:00 X:00 Y:20 S:FF P:nvubdIZc  $07:C031: 95 00     STA $00,X @ $0000 = #$00
i338189535   A:00 X:00 Y:20 S:FF P:nvubdIZc  $07:C033: E8        INX
i338189536   A:00 X:01 Y:20 S:FF P:nvubdIzc  $07:C034: E0 99     CPX #$99
i338189537   A:00 X:01 Y:20 S:FF P:nvubdIzc  $07:C036: 90 F9     BCC $C031 bra_C031_loop
(608 lines skipped)
i338190146   A:00 X:99 Y:20 S:FF P:nvubdIZC  $07:C038: A2 A7     LDX #$A7
bra_C03A_loop:
; [0x00A7-0x00FF] in 0
i338190147   A:00 X:A7 Y:20 S:FF P:NvubdIzC  $07:C03A: 95 00     STA $00,X @ $00A7 = #$00
i338190148   A:00 X:A7 Y:20 S:FF P:NvubdIzC  $07:C03C: E8        INX
i338190149   A:00 X:A8 Y:20 S:FF P:NvubdIzC  $07:C03D: D0 FB     BNE $C03A bra_C03A_loop
(264 lines skipped)
i338190414   A:00 X:00 Y:20 S:FF P:nvubdIZC  $07:C03F: 20 FB FD  JSR $FDFB
i338190415   A:00 X:00 Y:20 S:FD P:nvubdIZC  $07:FDFB: BA        TSX
i338190416   A:00 X:FD Y:20 S:FD P:NvubdIzC  $07:FDFC: A9 00     LDA #$00
i338190417   A:00 X:FD Y:20 S:FD P:nvubdIZC  $07:FDFE: 9D F8 00  STA $00F8,X @ $01F5 = #$AD
i338190418   A:00 X:FD Y:20 S:FD P:nvubdIZC  $07:FE01: BC F8 00  LDY $00F8,X @ $01F5 = #$00
i338190419   A:00 X:FD Y:00 S:FD P:nvubdIZC  $07:FE04: B9 A0 FF  LDA $FFA0,Y @ $FFA0 = #$48
i338190420   A:48 X:FD Y:00 S:FD P:nvubdIzC  $07:FE07: 9D F9 00  STA $00F9,X @ $01F6 = #$FD
i338190421   A:48 X:FD Y:00 S:FD P:nvubdIzC  $07:FE0A: 48        PHA
i338190422   A:48 X:FD Y:00 S:FC P:nvubdIzC  $07:FE0B: A0 0C     LDY #$0C
i338190423   A:48 X:FD Y:0C S:FC P:nvubdIzC  $07:FE0D: 3E F9 00  ROL $00F9,X @ $01F6 = #$48
i338190424   A:48 X:FD Y:0C S:FC P:NvubdIzc  $07:FE10: 08        PHP
i338190425   A:48 X:FD Y:0C S:FB P:NvubdIzc  $07:FE11: AD 17 40  LDA JOY2_FRAME = #$00
i338190426   A:40 X:FD Y:0C S:FB P:nvubdIzc  $07:FE14: 4A        LSR
i338190427   A:20 X:FD Y:0C S:FB P:nvubdIzc  $07:FE15: 28        PLP
i338190428   A:20 X:FD Y:0C S:FC P:NvUBdIzc  $07:FE16: 2A        ROL
i338190429   A:40 X:FD Y:0C S:FC P:nvUBdIzc  $07:FE17: 8D 16 40  STA JOY1 = #$00
i338190430   A:40 X:FD Y:0C S:FC P:nvUBdIzc  $07:FE1A: 29 08     AND #$08
i338190431   A:00 X:FD Y:0C S:FC P:nvUBdIZc  $07:FE1C: C9 01     CMP #$01
i338190432   A:00 X:FD Y:0C S:FC P:NvUBdIzc  $07:FE1E: 88        DEY
i338190433   A:00 X:FD Y:0B S:FC P:nvUBdIzc  $07:FE1F: D0 EC     BNE $FE0D
(121 lines skipped)
i338190555   A:00 X:FD Y:00 S:FC P:nvUBdIZc  $07:FE21: 68        PLA
i338190556   A:48 X:FD Y:00 S:FD P:nvUBdIzc  $07:FE22: 49 FF     EOR #$FF
i338190557   A:B7 X:FD Y:00 S:FD P:NvUBdIzc  $07:FE24: DD F9 00  CMP $00F9,X @ $01F6 = #$00
i338190558   A:B7 X:FD Y:00 S:FD P:NvUBdIzC  $07:FE27: D0 3E     BNE $FE67
i338190559   A:B7 X:FD Y:00 S:FD P:NvUBdIzC  $07:FE67: 60        RTS (from $FDFB) ----------------------------
i338190560   A:B7 X:FD Y:00 S:FF P:NvUBdIzC  $07:C042: A9 FF     LDA #$FF
i338190561   A:FF X:FD Y:00 S:FF P:NvUBdIzC  $07:C044: 85 37     STA $37 vGameMode = #$00
i338190562   A:FF X:FD Y:00 S:FF P:NvUBdIzC  $07:C046: A9 07     LDA #$07
i338190563   A:07 X:FD Y:00 S:FF P:nvUBdIzC  $07:C048: 8D 00 80  STA $8000 = #$00
i338190564   A:07 X:FD Y:00 S:FF P:nvUBdIzC  $07:C04B: A9 0D     LDA #$0D
i338190565   A:0D X:FD Y:00 S:FF P:nvUBdIzC  $07:C04D: 8D 01 80  STA $8001 = #$08
i338190566   A:0D X:FD Y:00 S:FF P:nvUBdIzC  $07:C050: A2 00     LDX #$00
i338190589   A:0D X:00 Y:00 S:FF P:nvUBdIZC  $07:C080: A9 40     LDA #$40
i338190590   A:40 X:00 Y:00 S:FF P:nvUBdIzC  $07:C082: 8D 17 40  STA JOY2_FRAME = #$00
i338190591   A:40 X:00 Y:00 S:FF P:nvUBdIzC  $07:C085: A9 FC     LDA #$FC
i338190592   A:FC X:00 Y:00 S:FF P:NvUBdIzC  $07:C087: 85 5F     STA $5F v_chr_live_status = #$00
i338190593   A:FC X:00 Y:00 S:FF P:NvUBdIzC  $07:C089: 20 D4 C8  JSR $C8D4
i338190594   A:FC X:00 Y:00 S:FD P:NvUBdIzC  $07:C8D4: A2 08     LDX #$08
i338190595   A:FC X:08 Y:00 S:FD P:nvUBdIzC  $07:C8D6: BD E2 C8  LDA $C8E2,X @ $C8EA = #$61
i338190596   A:61 X:08 Y:00 S:FD P:nvUBdIzC  $07:C8D9: DD 00 01  CMP $0100,X @ $0108 = #$61
i338190597   A:61 X:08 Y:00 S:FD P:nvUBdIZC  $07:C8DC: D0 0E     BNE $C8EC
i338190598   A:61 X:08 Y:00 S:FD P:nvUBdIZC  $07:C8DE: CA        DEX
i338190599   A:61 X:07 Y:00 S:FD P:nvUBdIzC  $07:C8DF: 10 F5     BPL $C8D6
(40 lines skipped)
i338190640   A:59 X:FF Y:00 S:FD P:NvUBdIzC  $07:C8E1: 60        RTS (from $C8D4) ----------------------------
; to sub_B8C7 (Bank 06_2)
i338190641   A:59 X:FF Y:00 S:FF P:NvUBdIzC  $07:C08C: 20 C7 B8  JSR $B8C7
    i338190642   A:59 X:FF Y:00 S:FD P:NvUBdIzC  $06:B8C7: A5 37     LDA $37 vGameMode = #$FF
    i338190643   A:FF X:FF Y:00 S:FD P:NvUBdIzC  $06:B8C9: 10 01     BPL $B8CC
    i338190644   A:FF X:FF Y:00 S:FD P:NvUBdIzC  $06:B8CB: 60        RTS (from $B8C7) ----------------------------
i338190645   A:FF X:FF Y:00 S:FF P:NvUBdIzC  $07:C08F: 20 DA B9  JSR $B9DA
    i338190646   A:FF X:FF Y:00 S:FD P:NvUBdIzC  $06:B9DA: A5 37     LDA $37 vGameMode = #$FF
    i338190647   A:FF X:FF Y:00 S:FD P:NvUBdIzC  $06:B9DC: 30 01     BMI $B9DF
    i338190648   A:FF X:FF Y:00 S:FD P:NvUBdIzC  $06:B9DF: 20 02 C4  JSR $C402 C402_clear_sound_parts
C402_clear_sound_parts:
i338190649   A:FF X:FF Y:00 S:FB P:NvUBdIzC  $07:C402: A9 FF     LDA #$FF
i338190650   A:FF X:FF Y:00 S:FB P:NvUBdIzC  $07:C404: 85 FD     STA $FD = #$00
i338190651   A:FF X:FF Y:00 S:FB P:NvUBdIzC  $07:C406: A0 00     LDY #$00
i338190652   A:FF X:FF Y:00 S:FB P:nvUBdIZC  $07:C408: 8C 07 04  STY $0407 = #$00
i338190653   A:FF X:FF Y:00 S:FB P:nvUBdIZC  $07:C40B: 8C 15 40  STY APU_STATUS = #$00
i338190654   A:FF X:FF Y:00 S:FB P:nvUBdIZC  $07:C40E: 8C 00 04  STY $0400 = #$00
i338190655   A:FF X:FF Y:00 S:FB P:nvUBdIZC  $07:C411: A9 FF     LDA #$FF
i338190656   A:FF X:FF Y:00 S:FB P:NvUBdIzC  $07:C413: 99 10 04  STA $0410,Y @ $0410 = #$00
i338190657   A:FF X:FF Y:00 S:FB P:NvUBdIzC  $07:C416: 98        TYA
i338190658   A:00 X:FF Y:00 S:FB P:nvUBdIZC  $07:C417: 18        CLC
i338190659   A:00 X:FF Y:00 S:FB P:nvUBdIZc  $07:C418: 69 15     ADC #$15
i338190660   A:15 X:FF Y:00 S:FB P:nvUBdIzc  $07:C41A: A8        TAY
i338190661   A:15 X:FF Y:15 S:FB P:nvUBdIzc  $07:C41B: C9 A8     CMP #$A8
i338190662   A:15 X:FF Y:15 S:FB P:nvUBdIzc  $07:C41D: D0 F2     BNE $C411
(56 lines skipped)
i338190719   A:A8 X:FF Y:A8 S:FB P:nvUBdIZC  $07:C41F: 60        RTS (from $C402 C402_clear_sound_parts) -----
    i338190720   A:A8 X:FF Y:A8 S:FD P:nvUBdIZC  $06:B9E2: 20 1D C3  JSR $C31D C31D_clear_ppu
C31D_clear_ppu:
; CONSTANT - A black tile
i338190721   A:A8 X:FF Y:A8 S:FB P:nvUBdIZC  $07:C31D: A9 00     LDA #$00
C31F_skip:
i338190722   A:00 X:FF Y:A8 S:FB P:nvUBdIZC  $07:C31F: 85 12     STA $12 = #$00
i338190723   A:00 X:FF Y:A8 S:FB P:nvUBdIZC  $07:C321: 20 05 C3  JSR $C305
i338190724   A:00 X:FF Y:A8 S:F9 P:nvUBdIZC  $07:C305: A5 26     LDA $26 = #$00
i338190725   A:00 X:FF Y:A8 S:F9 P:nvUBdIZC  $07:C307: 29 7F     AND #$7F
i338190726   A:00 X:FF Y:A8 S:F9 P:nvUBdIZC  $07:C309: 85 26     STA $26 = #$00
i338190727   A:00 X:FF Y:A8 S:F9 P:nvUBdIZC  $07:C30B: 8D 00 20  STA PPU_CTRL = #$00
i338190728   A:00 X:FF Y:A8 S:F9 P:nvUBdIZC  $07:C30E: 60        RTS (from $C305) ----------------------------
i338190729   A:00 X:FF Y:A8 S:FB P:nvUBdIZC  $07:C324: 20 13 C3  JSR $C313
i338190730   A:00 X:FF Y:A8 S:F9 P:nvUBdIZC  $07:C313: A9 00     LDA #$00
i338190731   A:00 X:FF Y:A8 S:F9 P:nvUBdIZC  $07:C315: 8D 01 20  STA PPU_MASK = #$00
i338190732   A:00 X:FF Y:A8 S:F9 P:nvUBdIZC  $07:C318: 60        RTS (from $C313) ----------------------------
i338190733   A:00 X:FF Y:A8 S:FB P:nvUBdIZC  $07:C327: AD 02 20  LDA PPU_STATUS = #$00
i338190734   A:00 X:FF Y:A8 S:FB P:nvUBdIZC  $07:C32A: A9 20     LDA #$20
i338190735   A:20 X:FF Y:A8 S:FB P:nvUBdIzC  $07:C32C: 20 31 C3  JSR $C331 C331_store_ppu_data
C331_store_ppu_data:
i338190736   A:20 X:FF Y:A8 S:F9 P:nvUBdIzC  $07:C331: 8D 06 20  STA PPU_ADDRESS = #$00
i338190737   A:20 X:FF Y:A8 S:F9 P:nvUBdIzC  $07:C334: A9 00     LDA #$00
i338190738   A:00 X:FF Y:A8 S:F9 P:nvUBdIZC  $07:C336: 8D 06 20  STA PPU_ADDRESS = #$00
i338190739   A:00 X:FF Y:A8 S:F9 P:nvUBdIZC  $07:C339: A8        TAY
i338190740   A:00 X:FF Y:00 S:F9 P:nvUBdIZC  $07:C33A: A2 03     LDX #$03
i338190741   A:00 X:03 Y:00 S:F9 P:nvUBdIzC  $07:C33C: A5 12     LDA $12 = #$00
bra_C33E_repeat:
i338190742   A:00 X:03 Y:00 S:F9 P:nvUBdIZC  $07:C33E: 8D 07 20  STA PPU_DATA = #$00
i338190743   A:00 X:03 Y:00 S:F9 P:nvUBdIZC  $07:C341: C8        INY
i338190744   A:00 X:03 Y:01 S:F9 P:nvUBdIzC  $07:C342: D0 FA     BNE $C33E bra_C33E_repeat
(765 lines skipped)
i338191510   A:00 X:03 Y:00 S:F9 P:nvUBdIZC  $07:C344: CA        DEX
i338191511   A:00 X:02 Y:00 S:F9 P:nvUBdIzC  $07:C345: D0 F7     BNE $C33E bra_C33E_repeat
(1540 lines skipped)
bra_C347_repeat:
i338193052   A:00 X:00 Y:00 S:F9 P:nvUBdIZC  $07:C347: 8D 07 20  STA PPU_DATA = #$00
i338193053   A:00 X:00 Y:00 S:F9 P:nvUBdIZC  $07:C34A: C8        INY
i338193054   A:00 X:00 Y:01 S:F9 P:nvUBdIzC  $07:C34B: C0 C0     CPY #$C0
i338193055   A:00 X:00 Y:01 S:F9 P:nvUBdIzc  $07:C34D: 90 F8     BCC $C347 bra_C347_repeat
(764 lines skipped)
i338193820   A:00 X:00 Y:C0 S:F9 P:nvUBdIZC  $07:C34F: A9 00     LDA #$00
bra_C351_repeat:
i338193821   A:00 X:00 Y:C0 S:F9 P:nvUBdIZC  $07:C351: 8D 07 20  STA PPU_DATA = #$00
i338193822   A:00 X:00 Y:C0 S:F9 P:nvUBdIZC  $07:C354: C8        INY
i338193823   A:00 X:00 Y:C1 S:F9 P:NvUBdIzC  $07:C355: D0 FA     BNE $C351 bra_C351_repeat
(189 lines skipped)
i338194013   A:00 X:00 Y:00 S:F9 P:nvUBdIZC  $07:C357: 60        RTS (from $C331 C331_store_ppu_data) --------
i338194014   A:00 X:00 Y:00 S:FB P:nvUBdIZC  $07:C32F: A9 24     LDA #$24
(3278 lines skipped)
    i338197293   A:00 X:00 Y:00 S:FD P:nvUBdIZC  $06:B9E5: 20 58 C3  JSR $C358 C358_clear_OAM
C358_clear_OAM:
i338197294   A:00 X:00 Y:00 S:FB P:nvUBdIZC  $07:C358: A2 00     LDX #$00
i338197295   A:00 X:00 Y:00 S:FB P:nvUBdIZC  $07:C35A: A0 00     LDY #$00
i338197296   A:00 X:00 Y:00 S:FB P:nvUBdIZC  $07:C35C: A9 F0     LDA #$F0
i338197297   A:F0 X:00 Y:00 S:FB P:NvUBdIzC  $07:C35E: 9D 00 07  STA $0700 vStartOAM,X @ $0700 vStartOAM = #$0
i338197298   A:F0 X:00 Y:00 S:FB P:NvUBdIzC  $07:C361: 99 B7 06  STA $06B7,Y @ $06B7 = #$00
i338197299   A:F0 X:00 Y:00 S:FB P:NvUBdIzC  $07:C364: C8        INY
i338197300   A:F0 X:00 Y:01 S:FB P:nvUBdIzC  $07:C365: E8        INX
i338197301   A:F0 X:01 Y:01 S:FB P:nvUBdIzC  $07:C366: E8        INX
i338197302   A:F0 X:02 Y:01 S:FB P:nvUBdIzC  $07:C367: E8        INX
i338197303   A:F0 X:03 Y:01 S:FB P:nvUBdIzC  $07:C368: E8        INX
i338197304   A:F0 X:04 Y:01 S:FB P:nvUBdIzC  $07:C369: D0 F3     BNE $C35E
(504 lines skipped)
i338197809   A:F0 X:00 Y:40 S:FB P:nvUBdIZC  $07:C36B: 86 43     STX $43 = #$00
i338197810   A:F0 X:00 Y:40 S:FB P:nvUBdIZC  $07:C36D: 8E F7 06  STX $06F7 = #$00
i338197811   A:F0 X:00 Y:40 S:FB P:nvUBdIZC  $07:C370: 60        RTS (from $C358 C358_clear_OAM) -------------
    i338197812   A:F0 X:00 Y:40 S:FD P:nvUBdIZC  $06:B9E8: 20 46 EF  JSR $EF46 EF46_switch_bank_4_p1_p2
    i338197820   A:08 X:00 Y:40 S:FD P:nvUBdIzC  $06:B9EB: A2 05     LDX #$05
    i338197821   A:08 X:05 Y:40 S:FD P:nvUBdIzC  $06:B9ED: BD 14 80  LDA $8014,X @ $8019 = #$33
    i338197822   A:33 X:05 Y:40 S:FD P:nvUBdIzC  $06:B9F0: 9D AF 06  STA $06AF,X @ $06B4 = #$00
    i338197823   A:33 X:05 Y:40 S:FD P:nvUBdIzC  $06:B9F3: CA        DEX
    i338197824   A:33 X:04 Y:40 S:FD P:nvUBdIzC  $06:B9F4: 10 F7     BPL $B9ED
(20 lines skipped)
    i338197845   A:12 X:FF Y:40 S:FD P:NvUBdIzC  $06:B9F6: A5 24     LDA $24 vMenuDemoIndex = #$00
    i338197846   A:00 X:FF Y:40 S:FD P:nvUBdIZC  $06:B9F8: D0 32     BNE $BA2C
    i338197847   A:00 X:FF Y:40 S:FD P:nvUBdIZC  $06:B9FA: A2 36     LDX #$36
    i338197848   A:00 X:36 Y:40 S:FD P:nvUBdIzC  $06:B9FC: 8E B3 06  STX $06B3 = #$32
    i338197849   A:00 X:36 Y:40 S:FD P:nvUBdIzC  $06:B9FF: E8        INX
    i338197850   A:00 X:37 Y:40 S:FD P:nvUBdIzC  $06:BA00: 8E B4 06  STX $06B4 = #$33
    i338197851   A:00 X:37 Y:40 S:FD P:nvUBdIzC  $06:BA03: AD 02 20  LDA PPU_STATUS = #$00
    i338197852   A:00 X:37 Y:40 S:FD P:nvUBdIZC  $06:BA06: A9 23     LDA #$23
    i338197853   A:23 X:37 Y:40 S:FD P:nvUBdIzC  $06:BA08: 8D 06 20  STA PPU_ADDRESS = #$00
    i338197854   A:23 X:37 Y:40 S:FD P:nvUBdIzC  $06:BA0B: A9 64     LDA #$64
    i338197855   A:64 X:37 Y:40 S:FD P:nvUBdIzC  $06:BA0D: 8D 06 20  STA PPU_ADDRESS = #$00
    i338197856   A:64 X:37 Y:40 S:FD P:nvUBdIzC  $06:BA10: A2 00     LDX #$00
    i338197857   A:64 X:00 Y:40 S:FD P:nvUBdIZC  $06:BA12: BD 2A 80  LDA $802A,X @ $802A = #$7B
    i338197858   A:7B X:00 Y:40 S:FD P:nvUBdIzC  $06:BA15: 8D 07 20  STA PPU_DATA = #$00
    i338197859   A:7B X:00 Y:40 S:FD P:nvUBdIzC  $06:BA18: E8        INX
    i338197860   A:7B X:01 Y:40 S:FD P:nvUBdIzC  $06:BA19: E0 18     CPX #$18
    i338197861   A:7B X:01 Y:40 S:FD P:NvUBdIzc  $06:BA1B: D0 F5     BNE $BA12
(115 lines skipped)
    i338197977   A:5C X:18 Y:40 S:FD P:nvUBdIZC  $06:BA1D: A9 23     LDA #$23
    i338197978   A:23 X:18 Y:40 S:FD P:nvUBdIzC  $06:BA1F: 8D 06 20  STA PPU_ADDRESS = #$7C
    i338197979   A:23 X:18 Y:40 S:FD P:nvUBdIzC  $06:BA22: A9 4B     LDA #$4B
    i338197980   A:4B X:18 Y:40 S:FD P:nvUBdIzC  $06:BA24: 8D 06 20  STA PPU_ADDRESS = #$7C
    i338197981   A:4B X:18 Y:40 S:FD P:nvUBdIzC  $06:BA27: A9 7F     LDA #$7F
    i338197982   A:7F X:18 Y:40 S:FD P:nvUBdIzC  $06:BA29: 8D 07 20  STA PPU_DATA = #$00
    i338197983   A:7F X:18 Y:40 S:FD P:nvUBdIzC  $06:BA2C: 20 BA BA  JSR $BABA
    i338197984   A:7F X:18 Y:40 S:FB P:nvUBdIzC  $06:BABA: A2 0F     LDX #$0F
    i338197985   A:7F X:0F Y:40 S:FB P:nvUBdIzC  $06:BABC: BD 1A 80  LDA $801A,X @ $8029 = #$20
    i338197986   A:20 X:0F Y:40 S:FB P:nvUBdIzC  $06:BABF: 9D 00 06  STA $0600,X @ $060F = #$00
    i338197987   A:20 X:0F Y:40 S:FB P:nvUBdIzC  $06:BAC2: CA        DEX
    i338197988   A:20 X:0E Y:40 S:FB P:nvUBdIzC  $06:BAC3: 10 F7     BPL $BABC
(60 lines skipped)
    i338198049   A:0F X:FF Y:40 S:FB P:NvUBdIzC  $06:BAC5: A9 0F     LDA #$0F
    i338198050   A:0F X:FF Y:40 S:FB P:nvUBdIzC  $06:BAC7: 8D 10 06  STA $0610 = #$00
    i338198051   A:0F X:FF Y:40 S:FB P:nvUBdIzC  $06:BACA: 60        RTS (from $BABA) ----------------------------
    i338198052   A:0F X:FF Y:40 S:FD P:nvUBdIzC  $06:BA2F: A5 24     LDA $24 vMenuDemoIndex = #$00
    i338198053   A:00 X:FF Y:40 S:FD P:nvUBdIZC  $06:BA31: 0A        ASL
    i338198054   A:00 X:FF Y:40 S:FD P:nvUBdIZc  $06:BA32: 0A        ASL
    i338198055   A:00 X:FF Y:40 S:FD P:nvUBdIZc  $06:BA33: AA        TAX
    i338198056   A:00 X:00 Y:40 S:FD P:nvUBdIZc  $06:BA34: A0 04     LDY #$04
    i338198057   A:00 X:00 Y:04 S:FD P:nvUBdIzc  $06:BA36: BD 42 80  LDA $8042,X @ $8042 = #$0F
    i338198058   A:0F X:00 Y:04 S:FD P:nvUBdIzc  $06:BA39: 99 00 06  STA $0600,Y @ $0604 = #$0F
    i338198059   A:0F X:00 Y:04 S:FD P:nvUBdIzc  $06:BA3C: E8        INX
    i338198060   A:0F X:01 Y:04 S:FD P:nvUBdIzc  $06:BA3D: C8        INY
    i338198061   A:0F X:01 Y:05 S:FD P:nvUBdIzc  $06:BA3E: C0 08     CPY #$08
    i338198062   A:0F X:01 Y:05 S:FD P:NvUBdIzc  $06:BA40: D0 F4     BNE $BA36
(18 lines skipped)
    i338198081   A:20 X:04 Y:08 S:FD P:nvUBdIZC  $06:BA42: A5 24     LDA $24 vMenuDemoIndex = #$00
    i338198082   A:00 X:04 Y:08 S:FD P:nvUBdIZC  $06:BA44: 0A        ASL
    i338198083   A:00 X:04 Y:08 S:FD P:nvUBdIZc  $06:BA45: 0A        ASL
    i338198084   A:00 X:04 Y:08 S:FD P:nvUBdIZc  $06:BA46: 85 12     STA $12 = #$00
    i338198085   A:00 X:04 Y:08 S:FD P:nvUBdIZc  $06:BA48: 0A        ASL
    i338198086   A:00 X:04 Y:08 S:FD P:nvUBdIZc  $06:BA49: 18        CLC
    i338198087   A:00 X:04 Y:08 S:FD P:nvUBdIZc  $06:BA4A: 65 12     ADC $12 = #$00
    i338198088   A:00 X:04 Y:08 S:FD P:nvUBdIZc  $06:BA4C: 18        CLC
    i338198089   A:00 X:04 Y:08 S:FD P:nvUBdIZc  $06:BA4D: 69 5E     ADC #$5E
    i338198090   A:5E X:04 Y:08 S:FD P:nvUBdIzc  $06:BA4F: 85 12     STA $12 = #$00
    i338198091   A:5E X:04 Y:08 S:FD P:nvUBdIzc  $06:BA51: A9 80     LDA #$80
    i338198092   A:80 X:04 Y:08 S:FD P:NvUBdIzc  $06:BA53: 69 00     ADC #$00
    i338198093   A:80 X:04 Y:08 S:FD P:NvUBdIzc  $06:BA55: 85 13     STA $13 = #$00
    i338198094   A:80 X:04 Y:08 S:FD P:NvUBdIzc  $06:BA57: AD 02 20  LDA PPU_STATUS = #$1F
    i338198095   A:1F X:04 Y:08 S:FD P:nvUBdIzc  $06:BA5A: 20 CB BA  JSR $BACB
    i338198096   A:1F X:04 Y:08 S:FB P:nvUBdIzc  $06:BACB: A0 00     LDY #$00
    i338198097   A:1F X:04 Y:00 S:FB P:nvUBdIZc  $06:BACD: 20 05 BB  JSR $BB05
    i338198098   A:1F X:04 Y:00 S:F9 P:nvUBdIZc  $06:BB05: A2 00     LDX #$00
    i338198099   A:1F X:00 Y:00 S:F9 P:nvUBdIZc  $06:BB07: B1 12     LDA ($12),Y @ $805E = #$8C
    i338198100   A:8C X:00 Y:00 S:F9 P:NvUBdIzc  $06:BB09: 95 00     STA $00,X @ $0000 = #$00
    i338198101   A:8C X:00 Y:00 S:F9 P:NvUBdIzc  $06:BB0B: C8        INY
    i338198102   A:8C X:00 Y:01 S:F9 P:nvUBdIzc  $06:BB0C: E8        INX
    i338198103   A:8C X:01 Y:01 S:F9 P:nvUBdIzc  $06:BB0D: E0 06     CPX #$06
    i338198104   A:8C X:01 Y:01 S:F9 P:NvUBdIzc  $06:BB0F: D0 F6     BNE $BB07
(30 lines skipped)
    i338198135   A:08 X:06 Y:06 S:F9 P:nvUBdIZC  $06:BB11: 60        RTS (from $BB05) ----------------------------
    i338198136   A:08 X:06 Y:06 S:FB P:nvUBdIZC  $06:BAD0: 84 11     STY $11 = #$00
    i338198137   A:08 X:06 Y:06 S:FB P:nvUBdIZC  $06:BAD2: A0 00     LDY #$00
    i338198138   A:08 X:06 Y:00 S:FB P:nvUBdIZC  $06:BAD4: 20 12 BB  JSR $BB12
    i338198139   A:08 X:06 Y:00 S:F9 P:nvUBdIZC  $06:BB12: A5 01     LDA $01 = #$20
    i338198140   A:20 X:06 Y:00 S:F9 P:nvUBdIzC  $06:BB14: 8D 06 20  STA PPU_ADDRESS = #$4C
    i338198141   A:20 X:06 Y:00 S:F9 P:nvUBdIzC  $06:BB17: A5 00     LDA $00 = #$8C
    i338198142   A:8C X:06 Y:00 S:F9 P:NvUBdIzC  $06:BB19: 8D 06 20  STA PPU_ADDRESS = #$4C
    i338198143   A:8C X:06 Y:00 S:F9 P:NvUBdIzC  $06:BB1C: A6 05     LDX $05 = #$08
    i338198144   A:8C X:08 Y:00 S:F9 P:nvUBdIzC  $06:BB1E: B1 02     LDA ($02),Y @ $86F9 = #$00
    i338198145   A:00 X:08 Y:00 S:F9 P:nvUBdIZC  $06:BB20: 8D 07 20  STA PPU_DATA = #$00
    i338198146   A:00 X:08 Y:00 S:F9 P:nvUBdIZC  $06:BB23: C8        INY
    i338198147   A:00 X:08 Y:01 S:F9 P:nvUBdIzC  $06:BB24: CA        DEX
    i338198148   A:00 X:07 Y:01 S:F9 P:nvUBdIzC  $06:BB25: D0 F7     BNE $BB1E
(35 lines skipped)
    i338198184   A:00 X:00 Y:08 S:F9 P:nvUBdIZC  $06:BB27: C6 04     DEC $04 = #$09
    i338198185   A:00 X:00 Y:08 S:F9 P:nvUBdIzC  $06:BB29: 60        RTS (from $BB12) ----------------------------
    i338198186   A:00 X:00 Y:08 S:FB P:nvUBdIzC  $06:BAD7: F0 10     BEQ $BAE9
    i338198187   A:00 X:00 Y:08 S:FB P:nvUBdIzC  $06:BAD9: A5 00     LDA $00 = #$8C
    i338198188   A:8C X:00 Y:08 S:FB P:NvUBdIzC  $06:BADB: 18        CLC
    i338198189   A:8C X:00 Y:08 S:FB P:NvUBdIzc  $06:BADC: 69 20     ADC #$20
    i338198190   A:AC X:00 Y:08 S:FB P:NvUBdIzc  $06:BADE: 85 00     STA $00 = #$8C
    i338198191   A:AC X:00 Y:08 S:FB P:NvUBdIzc  $06:BAE0: A5 01     LDA $01 = #$20
    i338198192   A:20 X:00 Y:08 S:FB P:nvUBdIzc  $06:BAE2: 69 00     ADC #$00
    i338198193   A:20 X:00 Y:08 S:FB P:nvUBdIzc  $06:BAE4: 85 01     STA $01 = #$20
    i338198194   A:20 X:00 Y:08 S:FB P:nvUBdIzc  $06:BAE6: 4C D4 BA  JMP $BAD4
(448 lines skipped)
    i338198643   A:00 X:00 Y:48 S:FB P:nvUBdIZc  $06:BAE9: A4 11     LDY $11 = #$06
    i338198644   A:00 X:00 Y:06 S:FB P:nvUBdIzc  $06:BAEB: 20 05 BB  JSR $BB05
(38 lines skipped)
    i338198683   A:02 X:06 Y:0C S:FB P:nvUBdIZC  $06:BAEE: A0 00     LDY #$00
    i338198684   A:02 X:06 Y:00 S:FB P:nvUBdIZC  $06:BAF0: 20 12 BB  JSR $BB12
(17 lines skipped)
    i338198702   A:AA X:00 Y:02 S:FB P:nvUBdIzC  $06:BAF3: F0 34     BEQ $BB29
    i338198703   A:AA X:00 Y:02 S:FB P:nvUBdIzC  $06:BAF5: A5 00     LDA $00 = #$CB
    i338198704   A:CB X:00 Y:02 S:FB P:NvUBdIzC  $06:BAF7: 18        CLC
    i338198705   A:CB X:00 Y:02 S:FB P:NvUBdIzc  $06:BAF8: 69 08     ADC #$08
    i338198706   A:D3 X:00 Y:02 S:FB P:NvUBdIzc  $06:BAFA: 85 00     STA $00 = #$CB
    i338198707   A:D3 X:00 Y:02 S:FB P:NvUBdIzc  $06:BAFC: A5 01     LDA $01 = #$23
    i338198708   A:23 X:00 Y:02 S:FB P:nvUBdIzc  $06:BAFE: 69 00     ADC #$00
    i338198709   A:23 X:00 Y:02 S:FB P:nvUBdIzc  $06:BB00: 85 01     STA $01 = #$23
    i338198710   A:23 X:00 Y:02 S:FB P:nvUBdIzc  $06:BB02: 4C F0 BA  JMP $BAF0
(47 lines skipped)
    i338198758   A:05 X:00 Y:06 S:FD P:nvUBdIZc  $06:BA5D: A9 91     LDA #$91
    i338198759   A:91 X:00 Y:06 S:FD P:NvUBdIzc  $06:BA5F: 85 3B     STA $3B = #$00
    i338198760   A:91 X:00 Y:06 S:FD P:NvUBdIzc  $06:BA61: A9 00     LDA #$00
    i338198761   A:00 X:00 Y:06 S:FD P:nvUBdIZc  $06:BA63: 8D 31 06  STA $0631 = #$00
    i338198762   A:00 X:00 Y:06 S:FD P:nvUBdIZc  $06:BA66: 8D 7B 06  STA $067B = #$00
    i338198763   A:00 X:00 Y:06 S:FD P:nvUBdIZc  $06:BA69: 85 29     STA $29 = #$00
    i338198764   A:00 X:00 Y:06 S:FD P:nvUBdIZc  $06:BA6B: 85 27     STA $27 = #$00
    i338198765   A:00 X:00 Y:06 S:FD P:nvUBdIZc  $06:BA6D: 85 2C     STA $2C vLowCounter = #$00
    i338198766   A:00 X:00 Y:06 S:FD P:nvUBdIZc  $06:BA6F: 85 2D     STA $2D vHighCounter = #$00
    i338198767   A:00 X:00 Y:06 S:FD P:nvUBdIZc  $06:BA71: 85 3D     STA $3D = #$00
    i338198768   A:00 X:00 Y:06 S:FD P:nvUBdIZc  $06:BA73: 85 19     STA $19 = #$00
    i338198769   A:00 X:00 Y:06 S:FD P:nvUBdIZc  $06:BA75: 85 C8     STA $C8 = #$00
    i338198770   A:00 X:00 Y:06 S:FD P:nvUBdIZc  $06:BA77: 20 1E C5  JSR $C51E
i338198771   A:00 X:00 Y:06 S:FB P:nvUBdIZc  $07:C51E: 20 F5 C4  JSR $C4F5 sub_C4F5_selectAllChrBanks
sub_C4F5_selectAllChrBanks:
i338198772   A:00 X:00 Y:06 S:F9 P:nvUBdIZc  $07:C4F5: A2 05     LDX #$05
i338198773   A:00 X:05 Y:06 S:F9 P:nvUBdIzc  $07:C4F7: 8E 00 80  STX $8000 tbl_messages = #$7B
i338198774   A:00 X:05 Y:06 S:F9 P:nvUBdIzc  $07:C4FA: BD AF 06  LDA $06AF,X @ $06B4 = #$37
i338198775   A:37 X:05 Y:06 S:F9 P:nvUBdIzc  $07:C4FD: 8D 01 80  STA $8001 tbl_messages+1 = #$9D
i338198776   A:37 X:05 Y:06 S:F9 P:nvUBdIzc  $07:C500: CA        DEX
i338198777   A:37 X:04 Y:06 S:F9 P:nvUBdIzc  $07:C501: 10 F4     BPL $C4F7
(25 lines skipped)
i338198803   A:12 X:FF Y:06 S:F9 P:NvUBdIzc  $07:C503: 60        RTS (from $C4F5 sub_C4F5_selectAllChrBanks) -
---COMMENTED! i338198804   A:12 X:FF Y:06 S:FB P:NvUBdIzc  $07:C521: 20 F4 C3  JSR $C3F4
---COMMENTED! i338198805   A:12 X:FF Y:06 S:F9 P:NvUBdIzc  $07:C3F4: AD 02 20  LDA PPU_STATUS = #$05
---COMMENTED! i338198806   A:05 X:FF Y:06 S:F9 P:nvUBdIzc  $07:C3F7: A9 00     LDA #$00
---COMMENTED! i338198807   A:00 X:FF Y:06 S:F9 P:nvUBdIZc  $07:C3F9: 8D 03 20  STA PPU_OAM_ADDR = #$00
---COMMENTED! i338198808   A:00 X:FF Y:06 S:F9 P:nvUBdIZc  $07:C3FC: A9 07     LDA #$07
---COMMENTED! i338198809   A:07 X:FF Y:06 S:F9 P:nvUBdIzc  $07:C3FE: 8D 14 40  STA OAM_DMA = #$07
---COMMENTED! i338198810   A:07 X:FF Y:06 S:F9 P:nvUBdIzc  $07:C401: 60        RTS (from $C3F4) ----------------------------
i338198811   A:07 X:FF Y:06 S:FB P:nvUBdIzc  $07:C524: 20 F3 D4  JSR $D4F3
i338198812   A:07 X:FF Y:06 S:F9 P:nvUBdIzc  $07:D4F3: AD 02 20  LDA PPU_STATUS = #$00
i338198813   A:00 X:FF Y:06 S:F9 P:nvUBdIZc  $07:D4F6: 10 FB     BPL $D4F3
(6436 lines skipped)
i338205250   A:80 X:FF Y:06 S:F9 P:NvUBdIzc  $07:D4F8: 4C 71 C3  JMP $C371 C371_update_palette
C371_update_palette:
i338205251   A:80 X:FF Y:06 S:F9 P:NvUBdIzc  $07:C371: A9 3F     LDA #$3F
i338205252   A:3F X:FF Y:06 S:F9 P:nvUBdIzc  $07:C373: 8D 06 20  STA PPU_ADDRESS = #$DD
i338205253   A:3F X:FF Y:06 S:F9 P:nvUBdIzc  $07:C376: A9 00     LDA #$00
i338205254   A:00 X:FF Y:06 S:F9 P:nvUBdIZc  $07:C378: 8D 06 20  STA PPU_ADDRESS = #$DD
i338205255   A:00 X:FF Y:06 S:F9 P:nvUBdIZc  $07:C37B: A8        TAY
i338205256   A:00 X:FF Y:00 S:F9 P:nvUBdIZc  $07:C37C: B9 00 06  LDA $0600,Y @ $0600 = #$0F
i338205257   A:0F X:FF Y:00 S:F9 P:nvUBdIzc  $07:C37F: 8D 07 20  STA PPU_DATA = #$00
i338205258   A:0F X:FF Y:00 S:F9 P:nvUBdIzc  $07:C382: B9 01 06  LDA $0601,Y @ $0601 = #$20
i338205259   A:20 X:FF Y:00 S:F9 P:nvUBdIzc  $07:C385: 8D 07 20  STA PPU_DATA = #$00
i338205260   A:20 X:FF Y:00 S:F9 P:nvUBdIzc  $07:C388: B9 02 06  LDA $0602,Y @ $0602 = #$20
i338205261   A:20 X:FF Y:00 S:F9 P:nvUBdIzc  $07:C38B: 8D 07 20  STA PPU_DATA = #$00
i338205262   A:20 X:FF Y:00 S:F9 P:nvUBdIzc  $07:C38E: B9 03 06  LDA $0603,Y @ $0603 = #$20
i338205263   A:20 X:FF Y:00 S:F9 P:nvUBdIzc  $07:C391: 8D 07 20  STA PPU_DATA = #$00
i338205264   A:20 X:FF Y:00 S:F9 P:nvUBdIzc  $07:C394: B9 04 06  LDA $0604,Y @ $0604 = #$0F
i338205265   A:0F X:FF Y:00 S:F9 P:nvUBdIzc  $07:C397: 8D 07 20  STA PPU_DATA = #$00
i338205266   A:0F X:FF Y:00 S:F9 P:nvUBdIzc  $07:C39A: B9 05 06  LDA $0605,Y @ $0605 = #$36
i338205267   A:36 X:FF Y:00 S:F9 P:nvUBdIzc  $07:C39D: 8D 07 20  STA PPU_DATA = #$00
i338205268   A:36 X:FF Y:00 S:F9 P:nvUBdIzc  $07:C3A0: B9 06 06  LDA $0606,Y @ $0606 = #$21
i338205269   A:21 X:FF Y:00 S:F9 P:nvUBdIzc  $07:C3A3: 8D 07 20  STA PPU_DATA = #$00
i338205270   A:21 X:FF Y:00 S:F9 P:nvUBdIzc  $07:C3A6: B9 07 06  LDA $0607,Y @ $0607 = #$20
i338205271   A:20 X:FF Y:00 S:F9 P:nvUBdIzc  $07:C3A9: 8D 07 20  STA PPU_DATA = #$00
i338205272   A:20 X:FF Y:00 S:F9 P:nvUBdIzc  $07:C3AC: 98        TYA
i338205273   A:00 X:FF Y:00 S:F9 P:nvUBdIZc  $07:C3AD: 18        CLC
i338205274   A:00 X:FF Y:00 S:F9 P:nvUBdIZc  $07:C3AE: 69 08     ADC #$08
i338205275   A:08 X:FF Y:00 S:F9 P:nvUBdIzc  $07:C3B0: A8        TAY
i338205276   A:08 X:FF Y:08 S:F9 P:nvUBdIzc  $07:C3B1: C0 20     CPY #$20
i338205277   A:08 X:FF Y:08 S:F9 P:NvUBdIzc  $07:C3B3: 90 C7     BCC $C37C
(66 lines skipped)
i338205344   A:20 X:FF Y:20 S:F9 P:nvUBdIZC  $07:C3B5: A9 3F     LDA #$3F
i338205345   A:3F X:FF Y:20 S:F9 P:nvUBdIzC  $07:C3B7: 8D 06 20  STA PPU_ADDRESS = #$20
i338205346   A:3F X:FF Y:20 S:F9 P:nvUBdIzC  $07:C3BA: A9 00     LDA #$00
i338205347   A:00 X:FF Y:20 S:F9 P:nvUBdIZC  $07:C3BC: 8D 06 20  STA PPU_ADDRESS = #$20
i338205348   A:00 X:FF Y:20 S:F9 P:nvUBdIZC  $07:C3BF: 8D 06 20  STA PPU_ADDRESS = #$00
i338205349   A:00 X:FF Y:20 S:F9 P:nvUBdIZC  $07:C3C2: 8D 06 20  STA PPU_ADDRESS = #$00
i338205350   A:00 X:FF Y:20 S:F9 P:nvUBdIZC  $07:C3C5: 60        RTS (from $D4F3) ----------------------------
i338205351   A:00 X:FF Y:20 S:FB P:nvUBdIZC  $07:C527: A9 90     LDA #$90
i338205352   A:90 X:FF Y:20 S:FB P:NvUBdIzC  $07:C529: 85 26     STA $26 = #$00
i338205353   A:90 X:FF Y:20 S:FB P:NvUBdIzC  $07:C52B: 8D 00 20  STA PPU_CTRL = #$00
i338205354   A:90 X:FF Y:20 S:FB P:NvUBdIzC  $07:C52E: AD 02 20  LDA PPU_STATUS = #$10
i338205355   A:10 X:FF Y:20 S:FB P:nvUBdIzC  $07:C531: A9 00     LDA #$00
i338205356   A:00 X:FF Y:20 S:FB P:nvUBdIZC  $07:C533: 8D 05 20  STA PPU_SCROLL = #$00
i338205357   A:00 X:FF Y:20 S:FB P:nvUBdIZC  $07:C536: 8D 05 20  STA PPU_SCROLL = #$00
i338205358   A:00 X:FF Y:20 S:FB P:nvUBdIZC  $07:C539: 4C 0F C3  JMP $C30F
i338205359   A:00 X:FF Y:20 S:FB P:nvUBdIZC  $07:C30F: A9 1E     LDA #$1E
i338205360   A:1E X:FF Y:20 S:FB P:nvUBdIzC  $07:C311: D0 02     BNE $C315
(2 lines skipped)
    i338205363   A:1E X:FF Y:20 S:FD P:nvUBdIzC  $06:BA7A: A5 3D     LDA $3D = #$00
    i338205364   A:00 X:FF Y:20 S:FD P:nvUBdIZC  $06:BA7C: 10 FC     BPL $BA7A
(9794 lines skipped)
vec_ED4E_NMI:
i338215159   A:00 X:FF Y:20 S:FA P:nvUBdIZC  $07:ED4E: 48        PHA
i338215160   A:00 X:FF Y:20 S:F9 P:nvUBdIZC  $07:ED4F: 8A        TXA
i338215161   A:FF X:FF Y:20 S:F9 P:NvUBdIzC  $07:ED50: 48        PHA
i338215162   A:FF X:FF Y:20 S:F8 P:NvUBdIzC  $07:ED51: 98        TYA
i338215163   A:20 X:FF Y:20 S:F8 P:nvUBdIzC  $07:ED52: 48        PHA
i338215164   A:20 X:FF Y:20 S:F7 P:nvUBdIzC  $07:ED53: AD 02 20  LDA PPU_STATUS = #$9E
i338215165   A:9E X:FF Y:20 S:F7 P:NvUBdIzC  $07:ED56: A9 00     LDA #$00
i338215166   A:00 X:FF Y:20 S:F7 P:nvUBdIZC  $07:ED58: 8D 03 20  STA PPU_OAM_ADDR = #$00
i338215167   A:00 X:FF Y:20 S:F7 P:nvUBdIZC  $07:ED5B: A9 07     LDA #$07
i338215168   A:07 X:FF Y:20 S:F7 P:nvUBdIzC  $07:ED5D: 8D 14 40  STA OAM_DMA = #$07
i338215169   A:07 X:FF Y:20 S:F7 P:nvUBdIzC  $07:ED60: 20 D9 C3  JSR $C3D9
i338215170   A:07 X:FF Y:20 S:F5 P:nvUBdIzC  $07:C3D9: E6 2B     INC $2B = #$00
i338215171   A:07 X:FF Y:20 S:F5 P:nvUBdIzC  $07:C3DB: 60        RTS (from $C3D9) ----------------------------
i338215172   A:07 X:FF Y:20 S:F7 P:nvUBdIzC  $07:ED63: 20 1B D1  JSR $D11B
; shared render
i338215173   A:07 X:FF Y:20 S:F5 P:nvUBdIzC  $07:D11B: A5 19     LDA $19 = #$00
i338215174   A:00 X:FF Y:20 S:F5 P:nvUBdIZC  $07:D11D: D0 39     BNE $D158
i338215175   A:00 X:FF Y:20 S:F5 P:nvUBdIZC  $07:D11F: AD 31 06  LDA $0631 = #$00
i338215176   A:00 X:FF Y:20 S:F5 P:nvUBdIZC  $07:D122: F0 35     BEQ $D159
i338215177   A:00 X:FF Y:20 S:F5 P:nvUBdIZC  $07:D159: A5 2C     LDA $2C vLowCounter = #$00
i338215178   A:00 X:FF Y:20 S:F5 P:nvUBdIZC  $07:D15B: 6A        ROR
i338215179   A:80 X:FF Y:20 S:F5 P:NvUBdIzc  $07:D15C: B0 0B     BCS $D169
i338215180   A:80 X:FF Y:20 S:F5 P:NvUBdIzc  $07:D15E: A5 3B     LDA $3B = #$91
i338215181   A:91 X:FF Y:20 S:F5 P:NvUBdIzc  $07:D160: 6A        ROR
i338215182   A:48 X:FF Y:20 S:F5 P:nvUBdIzC  $07:D161: 90 03     BCC $D166
i338215183   A:48 X:FF Y:20 S:F5 P:nvUBdIzC  $07:D163: 4C 55 B2  JMP $B255
---COMMENTED!    i338215184   A:48 X:FF Y:20 S:F5 P:nvUBdIzC  $06:B255: A5 C8     LDA $C8 = #$00
---COMMENTED!    i338215185   A:00 X:FF Y:20 S:F5 P:nvUBdIZC  $06:B257: F0 F9     BEQ $B252
---COMMENTED!    i338215186   A:00 X:FF Y:20 S:F5 P:nvUBdIZC  $06:B252: 4C 71 C3  JMP $C371 C371_update_palette
(100 lines skipped)
i338215287   A:00 X:FF Y:20 S:F7 P:nvUBdIZC  $07:ED66: A5 26     LDA $26 = #$90
i338215288   A:90 X:FF Y:20 S:F7 P:NvUBdIzC  $07:ED68: 29 FC     AND #$FC
i338215289   A:90 X:FF Y:20 S:F7 P:NvUBdIzC  $07:ED6A: 8D 00 20  STA PPU_CTRL = #$90
i338215290   A:90 X:FF Y:20 S:F7 P:NvUBdIzC  $07:ED6D: AD 02 20  LDA PPU_STATUS = #$10
i338215291   A:10 X:FF Y:20 S:F7 P:nvUBdIzC  $07:ED70: A9 00     LDA #$00
i338215292   A:00 X:FF Y:20 S:F7 P:nvUBdIZC  $07:ED72: 8D 05 20  STA PPU_SCROLL = #$00
i338215293   A:00 X:FF Y:20 S:F7 P:nvUBdIZC  $07:ED75: 8D 05 20  STA PPU_SCROLL = #$00
i338215294   A:00 X:FF Y:20 S:F7 P:nvUBdIZC  $07:ED78: 20 D8 C4  JSR $C4D8
i338215295   A:00 X:FF Y:20 S:F5 P:nvUBdIZC  $07:C4D8: 20 F5 C4  JSR $C4F5 sub_C4F5_selectAllChrBanks
(32 lines skipped)
i338215328   A:12 X:FF Y:20 S:F5 P:NvUBdIzC  $07:C4DB: A5 3B     LDA $3B = #$91
i338215329   A:91 X:FF Y:20 S:F5 P:NvUBdIzC  $07:C4DD: 6A        ROR
i338215330   A:C8 X:FF Y:20 S:F5 P:NvUBdIzC  $07:C4DE: 90 23     BCC $C503
i338215331   A:C8 X:FF Y:20 S:F5 P:NvUBdIzC  $07:C4E0: AD B6 06  LDA $06B6 = #$00
i338215332   A:00 X:FF Y:20 S:F5 P:nvUBdIZC  $07:C4E3: A2 01     LDX #$01
i338215333   A:00 X:01 Y:20 S:F5 P:nvUBdIzC  $07:C4E5: 8E 00 80  STX $8000 tbl_messages = #$7B
i338215334   A:00 X:01 Y:20 S:F5 P:nvUBdIzC  $07:C4E8: 8D 01 80  STA $8001 tbl_messages+1 = #$9D
i338215335   A:00 X:01 Y:20 S:F5 P:nvUBdIzC  $07:C4EB: CA        DEX
i338215336   A:00 X:00 Y:20 S:F5 P:nvUBdIZC  $07:C4EC: A9 38     LDA #$38
i338215337   A:38 X:00 Y:20 S:F5 P:nvUBdIzC  $07:C4EE: 8E 00 80  STX $8000 tbl_messages = #$7B
i338215338   A:38 X:00 Y:20 S:F5 P:nvUBdIzC  $07:C4F1: 8D 01 80  STA $8001 tbl_messages+1 = #$9D
i338215339   A:38 X:00 Y:20 S:F5 P:nvUBdIzC  $07:C4F4: 60        RTS (from $C4D8) ----------------------------
i338215340   A:38 X:00 Y:20 S:F7 P:nvUBdIzC  $07:ED7B: A5 3B     LDA $3B = #$91
i338215341   A:91 X:00 Y:20 S:F7 P:NvUBdIzC  $07:ED7D: 10 03     BPL $ED82
i338215342   A:91 X:00 Y:20 S:F7 P:NvUBdIzC  $07:ED7F: 4C 34 EE  JMP $EE34
i338215343   A:91 X:00 Y:20 S:F7 P:NvUBdIzC  $07:EE34: 20 58 C3  JSR $C358 C358_clear_OAM
(518 lines skipped)
---COMMENTED! i338215862   A:F0 X:00 Y:40 S:F7 P:nvUBdIZC  $07:EE37: A5 3B     LDA $3B = #$91
---COMMENTED! i338215863   A:91 X:00 Y:40 S:F7 P:NvUBdIzC  $07:EE39: C9 91     CMP #$91
---COMMENTED! i338215864   A:91 X:00 Y:40 S:F7 P:nvUBdIZC  $07:EE3B: F0 10     BEQ $EE4D
i338215865   A:91 X:00 Y:40 S:F7 P:nvUBdIZC  $07:EE4D: 20 3C C5  JSR $C53C resolve_start_status
resolve_start_status:
i338215866   A:91 X:00 Y:40 S:F5 P:nvUBdIZC  $07:C53C: A5 3D     LDA $3D = #$00
---COMMENTED! i338215867   A:00 X:00 Y:40 S:F5 P:nvUBdIZC  $07:C53E: D0 0F     BNE $C54F
---COMMENTED! i338215868   A:00 X:00 Y:40 S:F5 P:nvUBdIZC  $07:C540: A5 2C     LDA $2C vLowCounter = #$00
---COMMENTED! i338215869   A:00 X:00 Y:40 S:F5 P:nvUBdIZC  $07:C542: C9 40     CMP #$40
---COMMENTED! i338215870   A:00 X:00 Y:40 S:F5 P:NvUBdIzc  $07:C544: D0 22     BNE $C568
i338215871   A:00 X:00 Y:40 S:F5 P:NvUBdIzc  $07:C568: 60        RTS (from $C53C resolve_start_status) -------
i338215872   A:00 X:00 Y:40 S:F7 P:NvUBdIzc  $07:EE50: 4C D5 ED  JMP $EDD5
i338215873   A:00 X:00 Y:40 S:F7 P:NvUBdIzc  $07:EDD5: 20 7B EF  JSR $EF7B
i338215874   A:00 X:00 Y:40 S:F5 P:NvUBdIzc  $07:EF7B: A2 04     LDX #$04
i338215875   A:00 X:04 Y:40 S:F5 P:nvUBdIzc  $07:EF7D: B5 2E     LDA $2E,X @ $0032 = #$00
i338215876   A:00 X:04 Y:40 S:F5 P:nvUBdIZc  $07:EF7F: F0 02     BEQ $EF83
i338215877   A:00 X:04 Y:40 S:F5 P:nvUBdIZc  $07:EF83: CA        DEX
i338215878   A:00 X:03 Y:40 S:F5 P:nvUBdIzc  $07:EF84: 10 F7     BPL $EF7D
(16 lines skipped)
; ;
i338215895   A:00 X:FF Y:40 S:F5 P:NvUBdIzc  $07:EF86: E6 2C     INC $2C vLowCounter = #$00
; ;
i338215896   A:00 X:FF Y:40 S:F5 P:nvUBdIzc  $07:EF88: D0 02     BNE $EF8C
; ;
i338215897   A:00 X:FF Y:40 S:F5 P:nvUBdIzc  $07:EF8C: 60        RTS (from $EF7B) ----------------------------
i338215898   A:00 X:FF Y:40 S:F7 P:nvUBdIzc  $07:EDD8: 4C E1 ED  JMP $EDE1
i338215899   A:00 X:FF Y:40 S:F7 P:nvUBdIzc  $07:EDE1: 20 6C C4  JSR $C46C
i338215900   A:00 X:FF Y:40 S:F5 P:nvUBdIzc  $07:C46C: A5 1C     LDA $1C = #$00
i338215901   A:00 X:FF Y:40 S:F5 P:nvUBdIZc  $07:C46E: 85 1D     STA $1D = #$00
i338215902   A:00 X:FF Y:40 S:F5 P:nvUBdIZc  $07:C470: A5 37     LDA $37 vGameMode = #$FF
i338215903   A:FF X:FF Y:40 S:F5 P:NvUBdIzc  $07:C472: 10 5C     BPL $C4D0
i338215904   A:FF X:FF Y:40 S:F5 P:NvUBdIzc  $07:C474: 20 46 EF  JSR $EF46 EF46_switch_bank_4_p1_p2
(7 lines skipped)
i338215912   A:08 X:FF Y:40 S:F5 P:nvUBdIzc  $07:C477: A5 22     LDA $22 = #$00
i338215913   A:00 X:FF Y:40 S:F5 P:nvUBdIZc  $07:C479: D0 1E     BNE $C499
i338215914   A:00 X:FF Y:40 S:F5 P:nvUBdIZc  $07:C47B: A6 24     LDX $24 vMenuDemoIndex = #$00
i338215915   A:00 X:00 Y:40 S:F5 P:nvUBdIZc  $07:C47D: CA        DEX
i338215916   A:00 X:FF Y:40 S:F5 P:NvUBdIzc  $07:C47E: 8A        TXA
i338215917   A:FF X:FF Y:40 S:F5 P:NvUBdIzc  $07:C47F: 0A        ASL
i338215918   A:FE X:FF Y:40 S:F5 P:NvUBdIzC  $07:C480: AA        TAX
i338215919   A:FE X:FE Y:40 S:F5 P:NvUBdIzC  $07:C481: BD 0E 80  LDA $800E,X @ $810C = #$E8
i338215920   A:E8 X:FE Y:40 S:F5 P:NvUBdIzC  $07:C484: 85 00     STA $00 = #$DB
i338215921   A:E8 X:FE Y:40 S:F5 P:NvUBdIzC  $07:C486: BD 0F 80  LDA $800F,X @ $810D = #$21
i338215922   A:21 X:FE Y:40 S:F5 P:nvUBdIzC  $07:C489: 85 01     STA $01 = #$23
i338215923   A:21 X:FE Y:40 S:F5 P:nvUBdIzC  $07:C48B: A4 23     LDY $23 = #$00
i338215924   A:21 X:FE Y:00 S:F5 P:nvUBdIZC  $07:C48D: B1 00     LDA ($00),Y @ $21E8 = #$90
i338215925   A:00 X:FE Y:00 S:F5 P:nvUBdIZC  $07:C48F: 85 22     STA $22 = #$00
i338215926   A:00 X:FE Y:00 S:F5 P:nvUBdIZC  $07:C491: C8        INY
i338215927   A:00 X:FE Y:01 S:F5 P:nvUBdIzC  $07:C492: B1 00     LDA ($00),Y @ $21E9 = #$1E
i338215928   A:00 X:FE Y:01 S:F5 P:nvUBdIZC  $07:C494: 85 1C     STA $1C = #$00
i338215929   A:00 X:FE Y:01 S:F5 P:nvUBdIZC  $07:C496: C8        INY
i338215930   A:00 X:FE Y:02 S:F5 P:nvUBdIzC  $07:C497: 84 23     STY $23 = #$00
i338215931   A:00 X:FE Y:02 S:F5 P:nvUBdIzC  $07:C499: C6 22     DEC $22 = #$00
i338215932   A:00 X:FE Y:02 S:F5 P:NvUBdIzC  $07:C49B: A5 2C     LDA $2C vLowCounter = #$01
i338215933   A:01 X:FE Y:02 S:F5 P:nvUBdIzC  $07:C49D: 29 0F     AND #$0F
i338215934   A:01 X:FE Y:02 S:F5 P:nvUBdIzC  $07:C49F: D0 06     BNE $C4A7
i338215935   A:01 X:FE Y:02 S:F5 P:nvUBdIzC  $07:C4A7: A5 1E     LDA $1E = #$00
i338215936   A:00 X:FE Y:02 S:F5 P:nvUBdIZC  $07:C4A9: 85 21     STA $21 = #$00
i338215937   A:00 X:FE Y:02 S:F5 P:nvUBdIZC  $07:C4AB: A5 1F     LDA $1F = #$00
i338215938   A:00 X:FE Y:02 S:F5 P:nvUBdIZC  $07:C4AD: 85 20     STA $20 = #$00
i338215939   A:00 X:FE Y:02 S:F5 P:nvUBdIZC  $07:C4AF: A2 01     LDX #$01
i338215940   A:00 X:01 Y:02 S:F5 P:nvUBdIzC  $07:C4B1: 8E 16 40  STX JOY1 = #$40
i338215941   A:00 X:01 Y:02 S:F5 P:nvUBdIzC  $07:C4B4: CA        DEX
i338215942   A:00 X:00 Y:02 S:F5 P:nvUBdIZC  $07:C4B5: 8E 16 40  STX JOY1 = #$01
i338215943   A:00 X:00 Y:02 S:F5 P:nvUBdIZC  $07:C4B8: A2 08     LDX #$08
i338215944   A:00 X:08 Y:02 S:F5 P:nvUBdIzC  $07:C4BA: AD 16 40  LDA JOY1 = #$00
i338215945   A:40 X:08 Y:02 S:F5 P:nvUBdIzC  $07:C4BD: 29 03     AND #$03
i338215946   A:00 X:08 Y:02 S:F5 P:nvUBdIZC  $07:C4BF: C9 01     CMP #$01
i338215947   A:00 X:08 Y:02 S:F5 P:NvUBdIzc  $07:C4C1: 66 1E     ROR $1E = #$00
i338215948   A:00 X:08 Y:02 S:F5 P:nvUBdIZc  $07:C4C3: AD 17 40  LDA JOY2_FRAME = #$01
i338215949   A:40 X:08 Y:02 S:F5 P:nvUBdIzc  $07:C4C6: 29 03     AND #$03
i338215950   A:00 X:08 Y:02 S:F5 P:nvUBdIZc  $07:C4C8: C9 01     CMP #$01
i338215951   A:00 X:08 Y:02 S:F5 P:NvUBdIzc  $07:C4CA: 66 1F     ROR $1F = #$00
i338215952   A:00 X:08 Y:02 S:F5 P:nvUBdIZc  $07:C4CC: CA        DEX
i338215953   A:00 X:07 Y:02 S:F5 P:nvUBdIzc  $07:C4CD: D0 EB     BNE $C4BA
(70 lines skipped)
i338216024   A:00 X:00 Y:02 S:F5 P:nvUBdIZc  $07:C4CF: 60        RTS (from $C46C) ----------------------------
i338216025   A:00 X:00 Y:02 S:F7 P:nvUBdIZc  $07:EDE4: 20 85 C8  JSR $C885
; ;
i338216026   A:00 X:00 Y:02 S:F5 P:nvUBdIZc  $07:C885: A5 37     LDA $37 vGameMode = #$FF
; Branch If in game
i338216027   A:FF X:00 Y:02 S:F5 P:NvUBdIzc  $07:C887: 10 20     BPL $C8A9
; ;
i338216028   A:FF X:00 Y:02 S:F5 P:NvUBdIzc  $07:C889: C6 33     DEC $33 vMenuCounter = #$00
; If vMenuCounter == 0x00
i338216029   A:FF X:00 Y:02 S:F5 P:NvUBdIzc  $07:C88B: D0 06     BNE $C893
i338216030   A:FF X:00 Y:02 S:F5 P:NvUBdIzc  $07:C893: A5 1E     LDA $1E = #$00
i338216031   A:00 X:00 Y:02 S:F5 P:nvUBdIZc  $07:C895: 29 08     AND #$08
i338216032   A:00 X:00 Y:02 S:F5 P:nvUBdIZc  $07:C897: F0 3A     BEQ $C8D3
i338216033   A:00 X:00 Y:02 S:F5 P:nvUBdIZc  $07:C8D3: 60        RTS (from $C885) ----------------------------
i338216034   A:00 X:00 Y:02 S:F7 P:nvUBdIZc  $07:EDE7: A6 44     LDX $44 = #$00
i338216035   A:00 X:00 Y:02 S:F7 P:nvUBdIZc  $07:EDE9: 86 43     STX $43 = #$00
i338216036   A:00 X:00 Y:02 S:F7 P:nvUBdIZc  $07:EDEB: 20 F9 CE  JSR $CEF9
i338216037   A:00 X:00 Y:02 S:F5 P:nvUBdIZc  $07:CEF9: A5 2C     LDA $2C vLowCounter = #$01
i338216038   A:01 X:00 Y:02 S:F5 P:nvUBdIzc  $07:CEFB: 29 07     AND #$07
i338216039   A:01 X:00 Y:02 S:F5 P:nvUBdIzc  $07:CEFD: 0A        ASL
i338216040   A:02 X:00 Y:02 S:F5 P:nvUBdIzc  $07:CEFE: 0A        ASL
i338216041   A:04 X:00 Y:02 S:F5 P:nvUBdIzc  $07:CEFF: 0A        ASL
i338216042   A:08 X:00 Y:02 S:F5 P:nvUBdIzc  $07:CF00: 0A        ASL
i338216043   A:10 X:00 Y:02 S:F5 P:nvUBdIzc  $07:CF01: 18        CLC
i338216044   A:10 X:00 Y:02 S:F5 P:nvUBdIzc  $07:CF02: 69 DE     ADC #$DE
i338216045   A:EE X:00 Y:02 S:F5 P:NvUBdIzc  $07:CF04: 85 12     STA $12 = #$5E
i338216046   A:EE X:00 Y:02 S:F5 P:NvUBdIzc  $07:CF06: A9 00     LDA #$00
i338216047   A:00 X:00 Y:02 S:F5 P:nvUBdIZc  $07:CF08: 69 CF     ADC #$CF
i338216048   A:CF X:00 Y:02 S:F5 P:NvUBdIzc  $07:CF0A: 85 13     STA $13 = #$80
i338216049   A:CF X:00 Y:02 S:F5 P:NvUBdIzc  $07:CF0C: A0 00     LDY #$00
i338216050   A:CF X:00 Y:00 S:F5 P:nvUBdIZc  $07:CF0E: 84 1A     STY $1A = #$00
i338216051   A:CF X:00 Y:00 S:F5 P:nvUBdIZc  $07:CF10: B1 12     LDA ($12),Y @ $CFEE = #$09
i338216052   A:09 X:00 Y:00 S:F5 P:nvUBdIzc  $07:CF12: 0A        ASL
i338216053   A:12 X:00 Y:00 S:F5 P:nvUBdIzc  $07:CF13: 0A        ASL
i338216054   A:24 X:00 Y:00 S:F5 P:nvUBdIzc  $07:CF14: A8        TAY
i338216055   A:24 X:00 Y:24 S:F5 P:nvUBdIzc  $07:CF15: B9 B7 06  LDA $06B7,Y @ $06DB = #$F0
i338216056   A:F0 X:00 Y:24 S:F5 P:NvUBdIzc  $07:CF18: C9 F0     CMP #$F0
i338216057   A:F0 X:00 Y:24 S:F5 P:nvUBdIZC  $07:CF1A: D0 03     BNE $CF1F
i338216058   A:F0 X:00 Y:24 S:F5 P:nvUBdIZC  $07:CF1C: 4C C8 CF  JMP $CFC8
i338216059   A:F0 X:00 Y:24 S:F5 P:nvUBdIZC  $07:CFC8: E6 1A     INC $1A = #$00
i338216060   A:F0 X:00 Y:24 S:F5 P:nvUBdIzC  $07:CFCA: A4 1A     LDY $1A = #$01
i338216061   A:F0 X:00 Y:01 S:F5 P:nvUBdIzC  $07:CFCC: C0 10     CPY #$10
i338216062   A:F0 X:00 Y:01 S:F5 P:NvUBdIzc  $07:CFCE: B0 03     BCS $CFD3
i338216063   A:F0 X:00 Y:01 S:F5 P:NvUBdIzc  $07:CFD0: 4C 10 CF  JMP $CF10
(194 lines skipped)
i338216258   A:F0 X:00 Y:10 S:F5 P:nvUBdIZC  $07:CFD3: 60        RTS (from $CEF9) ----------------------------
; switch bank 02 (page 1) in 0xA000-0BFFF
i338216259   A:F0 X:00 Y:10 S:F7 P:nvUBdIZC  $07:EDEE: A9 07     LDA #$07
; ;
i338216260   A:07 X:00 Y:10 S:F7 P:nvUBdIzC  $07:EDF0: A2 04     LDX #$04
; ;
i338216261   A:07 X:04 Y:10 S:F7 P:nvUBdIzC  $07:EDF2: 8D 00 80  STA $8000 tbl_messages = #$7B
; ;
i338216262   A:07 X:04 Y:10 S:F7 P:nvUBdIzC  $07:EDF5: 8E 01 80  STX $8001 tbl_messages+1 = #$9D
i338216263   A:07 X:04 Y:10 S:F7 P:nvUBdIzC  $07:EDF8: 20 F0 FF  JSR $FFF0
i338216264   A:07 X:04 Y:10 S:F5 P:nvUBdIzC  $07:FFF0: 20 3B EF  JSR $EF3B EF3B_switch_bank_2_p1
EF3B_switch_bank_2_p1:
; switch bank 02 (page 1) in 0x8000-09FFF
i338216265   A:07 X:04 Y:10 S:F3 P:nvUBdIzC  $07:EF3B: A9 06     LDA #$06
; ;
i338216266   A:06 X:04 Y:10 S:F3 P:nvUBdIzC  $07:EF3D: 8D 00 80  STA $8000 tbl_messages = #$7B
; ;
i338216267   A:06 X:04 Y:10 S:F3 P:nvUBdIzC  $07:EF40: A9 04     LDA #$04
; ;
i338216268   A:04 X:04 Y:10 S:F3 P:nvUBdIzC  $07:EF42: 8D 01 80  STA $8001 tbl_messages+1 = #$9D
; ;
i338216269   A:04 X:04 Y:10 S:F3 P:nvUBdIzC  $07:EF45: 60        RTS (from $EF3B EF3B_switch_bank_2_p1) ------
; ; to bank 02
i338216270   A:04 X:04 Y:10 S:F5 P:nvUBdIzC  $07:FFF3: 4C 80 AD  JMP $AD80 activate_sound_manager
(112 lines skipped)
i338216403   A:A8 X:93 Y:00 S:F7 P:nvUBdIZC  $07:EDFB: 20 1A EF  JSR $EF1A EF1A_switch_bank_06_2
EF1A_switch_bank_06_2:
; ;
i338216408   A:0D X:93 Y:00 S:F5 P:nvUBdIzC  $07:EF24: 60        RTS (from $EF1A EF1A_switch_bank_06_2) ------
i338216409   A:0D X:93 Y:00 S:F7 P:nvUBdIzC  $07:EDFE: A9 00     LDA #$00
i338216410   A:00 X:93 Y:00 S:F7 P:nvUBdIZC  $07:EE00: 85 19     STA $19 = #$00
i338216411   A:00 X:93 Y:00 S:F7 P:nvUBdIZC  $07:EE02: 68        PLA
i338216412   A:20 X:93 Y:00 S:F8 P:nvUBdIzC  $07:EE03: A8        TAY
i338216413   A:20 X:93 Y:20 S:F8 P:nvUBdIzC  $07:EE04: 68        PLA
i338216414   A:FF X:93 Y:20 S:F9 P:NvUBdIzC  $07:EE05: AA        TAX
i338216415   A:FF X:FF Y:20 S:F9 P:NvUBdIzC  $07:EE06: 68        PLA
i338216416   A:00 X:FF Y:20 S:FA P:nvUBdIZC  $07:EE07: 40        RTI
(8513 lines skipped)
i338224930   A:80 X:FF Y:20 S:F5 P:NvUbdIzC  $07:D169: AD 7B 06  LDA $067B = #$00
i338224931   A:00 X:FF Y:20 S:F5 P:nvUbdIZC  $07:D16C: F0 F0     BEQ $D15E
(137231 lines skipped)
i338362163   A:00 X:FF Y:40 S:F5 P:nvUbdIZc  $07:C4A1: A9 02     LDA #$02
i338362164   A:02 X:FF Y:40 S:F5 P:nvUbdIzc  $07:C4A3: 45 1C     EOR $1C = #$00
i338362165   A:02 X:FF Y:40 S:F5 P:nvUbdIzc  $07:C4A5: 85 1C     STA $1C = #$00
(477681 lines skipped)
; 0 + 1 = 1
i338839847   A:40 X:00 Y:40 S:F5 P:nvUbdIZC  $07:C546: E6 3D     INC $3D = #$00
i338839848   A:40 X:00 Y:40 S:F5 P:nvUbdIzC  $07:C548: A6 24     LDX $24 vMenuDemoIndex = #$00
i338839849   A:40 X:00 Y:40 S:F5 P:nvUbdIZC  $07:C54A: E8        INX
i338839850   A:40 X:01 Y:40 S:F5 P:nvUbdIzC  $07:C54B: 8A        TXA
i338839851   A:01 X:01 Y:40 S:F5 P:nvUbdIzC  $07:C54C: 4C 34 B2  JMP $B234
    i338839852   A:01 X:01 Y:40 S:F5 P:nvUbdIzC  $06:B234: 48        PHA
    i338839853   A:01 X:01 Y:40 S:F4 P:nvUbdIzC  $06:B235: 20 4F EF  JSR $EF4F EF4F_switch_bank_4_p2
(3 lines skipped)
    i338839860   A:09 X:01 Y:40 S:F4 P:nvUbdIzC  $06:B238: 68        PLA
    i338839861   A:01 X:01 Y:40 S:F5 P:nvUbdIzC  $06:B239: 0A        ASL
    i338839862   A:02 X:01 Y:40 S:F5 P:nvUbdIzc  $06:B23A: A8        TAY
    i338839863   A:02 X:01 Y:02 S:F5 P:nvUbdIzc  $06:B23B: B9 00 80  LDA $8000 tbl_messages,Y @ $8002 = #$00
    i338839864   A:00 X:01 Y:02 S:F5 P:nvUbdIZc  $06:B23E: 85 CB     STA $CB = #$00
    i338839865   A:00 X:01 Y:02 S:F5 P:nvUbdIZc  $06:B240: B9 01 80  LDA $8001 tbl_messages+1,Y @ $8003 = #$80
    i338839866   A:80 X:01 Y:02 S:F5 P:NvUbdIzc  $06:B243: 29 1F     AND #$1F
    i338839867   A:00 X:01 Y:02 S:F5 P:nvUbdIZc  $06:B245: 85 CC     STA $CC = #$00
    i338839868   A:00 X:01 Y:02 S:F5 P:nvUbdIZc  $06:B247: A9 80     LDA #$80
    i338839869   A:80 X:01 Y:02 S:F5 P:NvUbdIzc  $06:B249: 85 C8     STA $C8 = #$00
    i338839870   A:80 X:01 Y:02 S:F5 P:NvUbdIzc  $06:B24B: A9 00     LDA #$00
    i338839871   A:00 X:01 Y:02 S:F5 P:nvUbdIZc  $06:B24D: 85 CA     STA $CA = #$00
    i338839872   A:00 X:01 Y:02 S:F5 P:nvUbdIZc  $06:B24F: 85 C9     STA $C9 = #$00
    i338839873   A:00 X:01 Y:02 S:F5 P:nvUbdIZc  $06:B251: 60        RTS (from $C53C resolve_start_status) -------
(9039 lines skipped)
    i338848913   A:80 X:FF Y:20 S:F5 P:NvUbdIzC  $06:B259: E6 CA     INC $CA = #$00
    i338848914   A:80 X:FF Y:20 S:F5 P:nvUbdIzC  $06:B25B: A5 CA     LDA $CA = #$01
    i338848915   A:01 X:FF Y:20 S:F5 P:nvUbdIzC  $06:B25D: 29 03     AND #$03
    i338848916   A:01 X:FF Y:20 S:F5 P:nvUbdIzC  $06:B25F: D0 F1     BNE $B252
(682 lines skipped)
; CONSTANT - The starting cutscene, during typing the message
i338849599   A:01 X:00 Y:40 S:F5 P:nvUbdIzC  $07:C54F: C9 01     CMP #$01
; If Register A == 0x01
i338849600   A:01 X:00 Y:40 S:F5 P:nvUbdIZC  $07:C551: F0 0B     BEQ $C55E
; 0x00 or 0x80
i338849601   A:01 X:00 Y:40 S:F5 P:nvUbdIZC  $07:C55E: A5 C8     LDA $C8 = #$80
; If Register A != 0x00
i338849602   A:80 X:00 Y:40 S:F5 P:NvUbdIzC  $07:C560: D0 06     BNE $C568
(28556 lines skipped)
    i338878159   A:00 X:FF Y:20 S:F5 P:nvUbdIZC  $06:B261: 20 BE B2  JSR $B2BE
    i338878160   A:00 X:FF Y:20 S:F3 P:nvUbdIZC  $06:B2BE: A2 00     LDX #$00
    i338878161   A:00 X:00 Y:20 S:F3 P:nvUbdIZC  $06:B2C0: A9 1A     LDA #$1A
    i338878162   A:1A X:00 Y:20 S:F3 P:nvUbdIzC  $06:B2C2: 8E 00 80  STX $8000 MMC3_Bank_select = #$54
    i338878163   A:1A X:00 Y:20 S:F3 P:nvUbdIzC  $06:B2C5: 8D 01 80  STA $8001 MMC3_Bank_data = #$00
    i338878164   A:1A X:00 Y:20 S:F3 P:nvUbdIzC  $06:B2C8: E8        INX
    i338878165   A:1A X:01 Y:20 S:F3 P:nvUbdIzC  $06:B2C9: A9 1C     LDA #$1C
    i338878166   A:1C X:01 Y:20 S:F3 P:nvUbdIzC  $06:B2CB: 8E 00 80  STX $8000 MMC3_Bank_select = #$54
    i338878167   A:1C X:01 Y:20 S:F3 P:nvUbdIzC  $06:B2CE: 8D 01 80  STA $8001 MMC3_Bank_data = #$00
    i338878168   A:1C X:01 Y:20 S:F3 P:nvUbdIzC  $06:B2D1: E8        INX
    i338878169   A:1C X:02 Y:20 S:F3 P:nvUbdIzC  $06:B2D2: A9 1E     LDA #$1E
    i338878170   A:1E X:02 Y:20 S:F3 P:nvUbdIzC  $06:B2D4: 8E 00 80  STX $8000 MMC3_Bank_select = #$54
    i338878171   A:1E X:02 Y:20 S:F3 P:nvUbdIzC  $06:B2D7: 8D 01 80  STA $8001 MMC3_Bank_data = #$00
    i338878172   A:1E X:02 Y:20 S:F3 P:nvUbdIzC  $06:B2DA: 60        RTS (from $B2BE) ----------------------------
    i338878173   A:1E X:02 Y:20 S:F5 P:nvUbdIzC  $06:B264: A4 C9     LDY $C9 = #$00
    i338878174   A:1E X:02 Y:00 S:F5 P:nvUbdIZC  $06:B266: 20 DB B2  JSR $B2DB
    i338878175   A:1E X:02 Y:00 S:F3 P:nvUbdIZC  $06:B2DB: AD 02 20  LDA PPU_STATUS = #$00
    i338878176   A:00 X:02 Y:00 S:F3 P:nvUbdIZC  $06:B2DE: 98        TYA
    i338878177   A:00 X:02 Y:00 S:F3 P:nvUbdIZC  $06:B2DF: 18        CLC
    i338878178   A:00 X:02 Y:00 S:F3 P:nvUbdIZc  $06:B2E0: 65 CB     ADC $CB = #$00
    i338878179   A:00 X:02 Y:00 S:F3 P:nvUbdIZc  $06:B2E2: 48        PHA
    i338878180   A:00 X:02 Y:00 S:F2 P:nvUbdIZc  $06:B2E3: A5 CC     LDA $CC = #$00
    i338878181   A:00 X:02 Y:00 S:F2 P:nvUbdIZc  $06:B2E5: 69 00     ADC #$00
    i338878182   A:00 X:02 Y:00 S:F2 P:nvUbdIZc  $06:B2E7: 8D 06 20  STA PPU_ADDRESS = #$00
    i338878183   A:00 X:02 Y:00 S:F2 P:nvUbdIZc  $06:B2EA: 68        PLA
    i338878184   A:00 X:02 Y:00 S:F3 P:nvUbdIZc  $06:B2EB: 8D 06 20  STA PPU_ADDRESS = #$00
    i338878185   A:00 X:02 Y:00 S:F3 P:nvUbdIZc  $06:B2EE: 4C FC B2  JMP $B2FC
    i338878186   A:00 X:02 Y:00 S:F3 P:nvUbdIZc  $06:B2FC: AD 07 20  LDA PPU_DATA = #$00
    i338878187   A:00 X:02 Y:00 S:F3 P:nvUbdIZc  $06:B2FF: AD 07 20  LDA PPU_DATA = #$FE
    i338878188   A:FE X:02 Y:00 S:F3 P:NvUbdIzc  $06:B302: 60        RTS (from $B2DB) ----------------------------
    i338878189   A:FE X:02 Y:00 S:F5 P:NvUbdIzc  $06:B269: C9 FC     CMP #$FC
    i338878190   A:FE X:02 Y:00 S:F5 P:nvUbdIzC  $06:B26B: 90 1E     BCC $B28B
    i338878191   A:FE X:02 Y:00 S:F5 P:nvUbdIzC  $06:B26D: C9 FE     CMP #$FE
    i338878192   A:FE X:02 Y:00 S:F5 P:nvUbdIZC  $06:B26F: D0 15     BNE $B286
    i338878193   A:FE X:02 Y:00 S:F5 P:nvUbdIZC  $06:B271: C8        INY
    i338878194   A:FE X:02 Y:01 S:F5 P:nvUbdIzC  $06:B272: AD 07 20  LDA PPU_DATA = #$C5
    i338878195   A:C5 X:02 Y:01 S:F5 P:NvUbdIzC  $06:B275: 85 CF     STA $CF = #$00
    i338878196   A:C5 X:02 Y:01 S:F5 P:NvUbdIzC  $06:B277: C8        INY
    i338878197   A:C5 X:02 Y:02 S:F5 P:nvUbdIzC  $06:B278: AD 07 20  LDA PPU_DATA = #$21
    i338878198   A:21 X:02 Y:02 S:F5 P:nvUbdIzC  $06:B27B: 85 D0     STA $D0 = #$00
    i338878199   A:21 X:02 Y:02 S:F5 P:nvUbdIzC  $06:B27D: C8        INY
    i338878200   A:21 X:02 Y:03 S:F5 P:nvUbdIzC  $06:B27E: 84 C9     STY $C9 = #$00
    i338878201   A:21 X:02 Y:03 S:F5 P:nvUbdIzC  $06:B280: AD 07 20  LDA PPU_DATA = #$14
    i338878202   A:14 X:02 Y:03 S:F5 P:nvUbdIzC  $06:B283: 4C 69 B2  JMP $B269
(2 lines skipped)
    i338878205   A:14 X:02 Y:03 S:F5 P:nvUbdIzc  $06:B28B: E6 C9     INC $C9 = #$03
    i338878206   A:14 X:02 Y:03 S:F5 P:nvUbdIzc  $06:B28D: D0 02     BNE $B291
    i338878207   A:14 X:02 Y:03 S:F5 P:nvUbdIzc  $06:B291: A2 00     LDX #$00
    i338878208   A:14 X:00 Y:03 S:F5 P:nvUbdIZc  $06:B293: C9 80     CMP #$80
    i338878209   A:14 X:00 Y:03 S:F5 P:NvUbdIzc  $06:B295: 90 0A     BCC $B2A1
    i338878210   A:14 X:00 Y:03 S:F5 P:NvUbdIzc  $06:B2A1: 8E 33 06  STX $0633 = #$00
    i338878211   A:14 X:00 Y:03 S:F5 P:NvUbdIzc  $06:B2A4: 8D 34 06  STA $0634 = #$00
    i338878212   A:14 X:00 Y:03 S:F5 P:NvUbdIzc  $06:B2A7: A5 CF     LDA $CF = #$C5
    i338878213   A:C5 X:00 Y:03 S:F5 P:NvUbdIzc  $06:B2A9: 8D 30 06  STA $0630 = #$00
    i338878214   A:C5 X:00 Y:03 S:F5 P:NvUbdIzc  $06:B2AC: A5 D0     LDA $D0 = #$21
    i338878215   A:21 X:00 Y:03 S:F5 P:nvUbdIzc  $06:B2AE: 8D 31 06  STA $0631 = #$00
    i338878216   A:21 X:00 Y:03 S:F5 P:nvUbdIzc  $06:B2B1: A9 82     LDA #$82
    i338878217   A:82 X:00 Y:03 S:F5 P:NvUbdIzc  $06:B2B3: 8D 32 06  STA $0632 = #$00
    i338878218   A:82 X:00 Y:03 S:F5 P:NvUbdIzc  $06:B2B6: E6 CF     INC $CF = #$C5
    i338878219   A:82 X:00 Y:03 S:F5 P:NvUbdIzc  $06:B2B8: A9 50     LDA #$50
    i338878220   A:50 X:00 Y:03 S:F5 P:nvUbdIzc  $06:B2BA: 4C 20 C4  JMP $C420 C420_add_sound_effect
C420_add_sound_effect:
; put to cache vCacheRam12
i338878221   A:50 X:00 Y:03 S:F5 P:nvUbdIzc  $07:C420: 85 12     STA $12 = #$1E
; ;
i338878222   A:50 X:00 Y:03 S:F5 P:nvUbdIzc  $07:C422: 8A        TXA
; store x
i338878223   A:00 X:00 Y:03 S:F5 P:nvUbdIZc  $07:C423: 48        PHA
; ;
i338878224   A:00 X:00 Y:03 S:F4 P:nvUbdIZc  $07:C424: 98        TYA
; store y
i338878225   A:03 X:00 Y:03 S:F4 P:nvUbdIzc  $07:C425: 48        PHA
; ;
i338878226   A:03 X:00 Y:03 S:F3 P:nvUbdIzc  $07:C426: 20 3B EF  JSR $EF3B EF3B_switch_bank_2_p1
(5 lines skipped)
; Resolve an address: 0x8000 + ram_0012 * 4
i338878232   A:04 X:00 Y:03 S:F3 P:nvUbdIzc  $07:C429: A9 00     LDA #$00
; ;
i338878233   A:00 X:00 Y:03 S:F3 P:nvUbdIZc  $07:C42B: 06 12     ASL $12 = #$50
; ;
i338878234   A:00 X:00 Y:03 S:F3 P:NvUbdIzc  $07:C42D: 2A        ROL
; ;
i338878235   A:00 X:00 Y:03 S:F3 P:nvUbdIZc  $07:C42E: 06 12     ASL $12 = #$A0
; ;
i338878236   A:00 X:00 Y:03 S:F3 P:nvUbdIzC  $07:C430: 2A        ROL
; ;
i338878237   A:01 X:00 Y:03 S:F3 P:nvUbdIzc  $07:C431: 85 13     STA $13 = #$D0
; ;
i338878238   A:01 X:00 Y:03 S:F3 P:nvUbdIzc  $07:C433: A9 00     LDA #$00
; ;
i338878239   A:00 X:00 Y:03 S:F3 P:nvUbdIZc  $07:C435: 18        CLC
; ;
i338878240   A:00 X:00 Y:03 S:F3 P:nvUbdIZc  $07:C436: 65 12     ADC $12 = #$40
; Low address
i338878241   A:40 X:00 Y:03 S:F3 P:nvUbdIzc  $07:C438: 85 12     STA $12 = #$40
; ;
i338878242   A:40 X:00 Y:03 S:F3 P:nvUbdIzc  $07:C43A: A9 80     LDA #$80
; High address
i338878243   A:80 X:00 Y:03 S:F3 P:NvUbdIzc  $07:C43C: 65 13     ADC $13 = #$01
; ;
i338878244   A:81 X:00 Y:03 S:F3 P:NvUbdIzc  $07:C43E: 85 13     STA $13 = #$01
; to 1 byte of 4
i338878245   A:81 X:00 Y:03 S:F3 P:NvUbdIzc  $07:C440: A0 00     LDY #$00
i338878246   A:81 X:00 Y:00 S:F3 P:nvUbdIZc  $07:C442: B1 12     LDA ($12),Y @ $8140 = #$2A
i338878247   A:2A X:00 Y:00 S:F3 P:nvUbdIzc  $07:C444: AA        TAX
; to 2 byte of 4
i338878248   A:2A X:2A Y:00 S:F3 P:nvUbdIzc  $07:C445: C8        INY
i338878249   A:2A X:2A Y:01 S:F3 P:nvUbdIzc  $07:C446: B1 12     LDA ($12),Y @ $8141 = #$01
i338878250   A:01 X:2A Y:01 S:F3 P:nvUbdIzc  $07:C448: 9D 11 04  STA $0411,X @ $043B = #$00
; to 3 byte of 4
i338878251   A:01 X:2A Y:01 S:F3 P:nvUbdIzc  $07:C44B: C8        INY
i338878252   A:01 X:2A Y:02 S:F3 P:nvUbdIzc  $07:C44C: B1 12     LDA ($12),Y @ $8142 = #$FE
i338878253   A:FE X:2A Y:02 S:F3 P:NvUbdIzc  $07:C44E: 9D 12 04  STA $0412,X @ $043C = #$00
; to 4 byte of 4
i338878254   A:FE X:2A Y:02 S:F3 P:NvUbdIzc  $07:C451: C8        INY
i338878255   A:FE X:2A Y:03 S:F3 P:nvUbdIzc  $07:C452: B1 12     LDA ($12),Y @ $8143 = #$8B
i338878256   A:8B X:2A Y:03 S:F3 P:NvUbdIzc  $07:C454: 9D 13 04  STA $0413,X @ $043D = #$00
i338878257   A:8B X:2A Y:03 S:F3 P:NvUbdIzc  $07:C457: A9 00     LDA #$00
i338878258   A:00 X:2A Y:03 S:F3 P:nvUbdIZc  $07:C459: 9D 10 04  STA $0410,X @ $043A = #$FF
i338878259   A:00 X:2A Y:03 S:F3 P:nvUbdIZc  $07:C45C: A9 06     LDA #$06
i338878260   A:06 X:2A Y:03 S:F3 P:nvUbdIzc  $07:C45E: 8D 00 80  STA $8000 MMC3_Bank_select = #$54
i338878261   A:06 X:2A Y:03 S:F3 P:nvUbdIzc  $07:C461: AD B5 06  LDA $06B5 vBankData = #$08
i338878262   A:08 X:2A Y:03 S:F3 P:nvUbdIzc  $07:C464: 8D 01 80  STA $8001 MMC3_Bank_data = #$00
i338878263   A:08 X:2A Y:03 S:F3 P:nvUbdIzc  $07:C467: 68        PLA
i338878264   A:03 X:2A Y:03 S:F4 P:nvUbdIzc  $07:C468: A8        TAY
i338878265   A:03 X:2A Y:03 S:F4 P:nvUbdIzc  $07:C469: 68        PLA
i338878266   A:00 X:2A Y:03 S:F5 P:nvUbdIZc  $07:C46A: AA        TAX
i338878267   A:00 X:00 Y:03 S:F5 P:nvUbdIZc  $07:C46B: 60        RTS (from $D11B) ----------------------------
(8445 lines skipped)
i338887876   A:21 X:FF Y:20 S:F5 P:nvUbdIzC  $07:D124: 30 AD     BMI $D0D3
i338887877   A:21 X:FF Y:20 S:F5 P:nvUbdIzC  $07:D126: AE 30 06  LDX $0630 = #$C5
i338887878   A:21 X:C5 Y:20 S:F5 P:NvUbdIzC  $07:D129: 8D 06 20  STA PPU_ADDRESS = #$00
i338887879   A:21 X:C5 Y:20 S:F5 P:NvUbdIzC  $07:D12C: 8E 06 20  STX PPU_ADDRESS = #$00
i338887880   A:21 X:C5 Y:20 S:F5 P:NvUbdIzC  $07:D12F: AD 32 06  LDA $0632 = #$82
i338887881   A:82 X:C5 Y:20 S:F5 P:NvUbdIzC  $07:D132: 10 0B     BPL $D13F
i338887882   A:82 X:C5 Y:20 S:F5 P:NvUbdIzC  $07:D134: 48        PHA
i338887883   A:82 X:C5 Y:20 S:F4 P:NvUbdIzC  $07:D135: A5 26     LDA $26 = #$90
i338887884   A:90 X:C5 Y:20 S:F4 P:NvUbdIzC  $07:D137: 09 04     ORA #$04
i338887885   A:94 X:C5 Y:20 S:F4 P:NvUbdIzC  $07:D139: 8D 00 20  STA PPU_CTRL = #$90
i338887886   A:94 X:C5 Y:20 S:F4 P:NvUbdIzC  $07:D13C: 68        PLA
i338887887   A:82 X:C5 Y:20 S:F5 P:NvUbdIzC  $07:D13D: 29 7F     AND #$7F
i338887888   A:02 X:C5 Y:20 S:F5 P:nvUbdIzC  $07:D13F: 85 00     STA $00 = #$E8
i338887889   A:02 X:C5 Y:20 S:F5 P:nvUbdIzC  $07:D141: A2 00     LDX #$00
i338887890   A:02 X:00 Y:20 S:F5 P:nvUbdIZC  $07:D143: BD 33 06  LDA $0633,X @ $0633 = #$00
i338887891   A:00 X:00 Y:20 S:F5 P:nvUbdIZC  $07:D146: 8D 07 20  STA PPU_DATA = #$B0
i338887892   A:00 X:00 Y:20 S:F5 P:nvUbdIZC  $07:D149: E8        INX
i338887893   A:00 X:01 Y:20 S:F5 P:nvUbdIzC  $07:D14A: C6 00     DEC $00 = #$02
i338887894   A:00 X:01 Y:20 S:F5 P:nvUbdIzC  $07:D14C: D0 F5     BNE $D143
(5 lines skipped)
i338887900   A:14 X:02 Y:20 S:F5 P:nvUbdIZC  $07:D14E: A9 00     LDA #$00
i338887901   A:00 X:02 Y:20 S:F5 P:nvUbdIZC  $07:D150: 8D 31 06  STA $0631 = #$21
i338887902   A:00 X:02 Y:20 S:F5 P:nvUbdIZC  $07:D153: A5 26     LDA $26 = #$90
i338887903   A:90 X:02 Y:20 S:F5 P:NvUbdIzC  $07:D155: 8D 00 20  STA PPU_CTRL = #$94
i338887904   A:90 X:02 Y:20 S:F5 P:NvUbdIzC  $07:D158: 60        RTS (from $D11B) ----------------------------
(8571 lines skipped)
    i338926832   A:B0 X:00 Y:04 S:F5 P:nvUbdIzC  $06:B297: A2 7E     LDX #$7E
    i338926833   A:B0 X:7E Y:04 S:F5 P:nvUbdIzC  $06:B299: C9 C0     CMP #$C0
    i338926834   A:B0 X:7E Y:04 S:F5 P:NvUbdIzc  $06:B29B: 90 02     BCC $B29F
    i338926835   A:B0 X:7E Y:04 S:F5 P:NvUbdIzc  $06:B29F: 29 3F     AND #$3F
(1770773 lines skipped)
; ;
i340697609   A:00 X:FF Y:40 S:F5 P:nvUbdIZC  $07:EF8A: E6 2D     INC $2D vHighCounter = #$00
(119 lines skipped)
; ;
i340697729   A:FF X:00 Y:40 S:F5 P:nvUbdIZc  $07:C88D: A5 34     LDA $34 vMenuCounterTimes = #$00
; If vMenuCounterTimes != 0x00
i340697730   A:00 X:00 Y:40 S:F5 P:nvUbdIZc  $07:C88F: F0 02     BEQ $C893
(2362550 lines skipped)
    i343060281   A:FF X:02 Y:65 S:F5 P:nvUbdIzC  $06:B286: A9 00     LDA #$00
    i343060282   A:00 X:02 Y:65 S:F5 P:nvUbdIZC  $06:B288: 85 C8     STA $C8 = #$80
    i343060283   A:00 X:02 Y:65 S:F5 P:nvUbdIZC  $06:B28A: 60        RTS (from $D11B) ----------------------------
